21:23:31 21/11/2017
INFO:Can't find bundle for base name com/coder/hms/languageFiles/LocalizationBundle, locale tr_TR
21:24:55 21/11/2017
INFO:Can't find bundle for base name com/coder/hms/languageFiles/LocalizationBundle, locale tr_TR
21:25:04 21/11/2017
INFO:Can't find bundle for base name com/coder/hms/languageFiles/LocalizationBundle, locale ar_IQ
21:25:04 21/11/2017
INFO:Language changed.
21:25:13 21/11/2017
INFO:Can't find bundle for base name com/coder/hms/languageFiles/LocalizationBundle, locale es_ES
21:25:13 21/11/2017
INFO:Language changed.
21:25:40 21/11/2017
INFO:Can't find bundle for base name /com/coder/hms/languageFiles/LocalizationBundle, locale tr_TR
21:26:53 21/11/2017
INFO:Can't find bundle for base name com/coder/hms/languageFiles/LocalizationBundle, locale tr_TR
21:28:30 21/11/2017
INFO:Can't find bundle for base name com/coder/hms/languageFiles/LocalizationBundle, locale tr_TR
21:33:14 21/11/2017
INFO:Language changed.
21:33:25 21/11/2017
INFO:User is : system
21:33:25 21/11/2017
INFO:MainFrame created successfully.
22:04:57 21/11/2017
INFO:Language changed.
22:05:04 21/11/2017
INFO:User is : system
22:05:05 21/11/2017
INFO:MainFrame created successfully.
