01:32:35 23/11/2017
INFO:PropertiesReader -> checking System moderator credentials...
01:32:35 23/11/2017
INFO:User is : system
01:32:36 23/11/2017
INFO:MainFrame created successfully.
01:33:08 23/11/2017
INFO:HotelSystemStatusImpl -> fetching system status...
01:33:08 23/11/2017
INFO:HotelSystemStatusImpl -> fetching system status...
01:33:08 23/11/2017
INFO:RoomDaoImpl -> fetching all rooms...
01:33:59 23/11/2017
INFO:Language changed.
01:34:05 23/11/2017
INFO:Language changed.
01:34:08 23/11/2017
INFO:Language changed.
01:34:15 23/11/2017
INFO:PropertiesReader -> checking System moderator credentials...
01:34:15 23/11/2017
INFO:User is : system
01:34:15 23/11/2017
INFO:MainFrame created successfully.
01:53:58 23/11/2017
INFO:Language changed.
01:54:13 23/11/2017
INFO:PropertiesReader -> checking System moderator credentials...
01:54:13 23/11/2017
INFO:User is : system
01:54:13 23/11/2017
INFO:MainFrame created successfully.
02:30:24 23/11/2017
INFO:Language changed.
02:30:26 23/11/2017
INFO:Language changed.
02:30:33 23/11/2017
INFO:PropertiesReader -> checking System moderator credentials...
02:30:33 23/11/2017
INFO:User is : system
02:30:34 23/11/2017
INFO:MainFrame created successfully.
02:33:04 23/11/2017
INFO:Language changed.
02:33:11 23/11/2017
INFO:PropertiesReader -> checking System moderator credentials...
02:33:11 23/11/2017
INFO:User is : system
02:33:11 23/11/2017
INFO:MainFrame created successfully.
02:39:35 23/11/2017
INFO:PropertiesReader -> checking System moderator credentials...
02:39:35 23/11/2017
INFO:User is : system
02:39:36 23/11/2017
INFO:MainFrame created successfully.
02:39:41 23/11/2017
INFO:HotelSystemStatusImpl -> fetching system status...
02:39:41 23/11/2017
INFO:HotelSystemStatusImpl -> fetching system status...
02:39:41 23/11/2017
INFO:RoomDaoImpl -> fetching all rooms...
02:45:09 23/11/2017
INFO:PropertiesReader -> checking System moderator credentials...
02:45:09 23/11/2017
INFO:User is : system
02:45:09 23/11/2017
INFO:MainFrame created successfully.
02:45:17 23/11/2017
INFO:HotelSystemStatusImpl -> fetching system status...
02:45:17 23/11/2017
INFO:HotelSystemStatusImpl -> fetching system status...
02:45:17 23/11/2017
INFO:RoomDaoImpl -> fetching all rooms...
02:54:48 23/11/2017
INFO:PropertiesReader -> checking System moderator credentials...
02:54:48 23/11/2017
INFO:User is : system
02:54:49 23/11/2017
INFO:MainFrame created successfully.
02:54:53 23/11/2017
INFO:HotelSystemStatusImpl -> fetching system status...
02:54:53 23/11/2017
INFO:HotelSystemStatusImpl -> fetching system status...
02:54:53 23/11/2017
INFO:RoomDaoImpl -> fetching all rooms...
02:57:39 23/11/2017
INFO:PropertiesReader -> checking System moderator credentials...
02:57:39 23/11/2017
INFO:User is : system
02:57:40 23/11/2017
INFO:MainFrame created successfully.
02:57:43 23/11/2017
INFO:HotelSystemStatusImpl -> fetching system status...
02:57:43 23/11/2017
INFO:HotelSystemStatusImpl -> fetching system status...
02:57:43 23/11/2017
INFO:RoomDaoImpl -> fetching all rooms...
03:00:36 23/11/2017
INFO:PropertiesReader -> checking System moderator credentials...
03:00:36 23/11/2017
INFO:User is : system
03:00:37 23/11/2017
INFO:MainFrame created successfully.
03:00:40 23/11/2017
INFO:HotelSystemStatusImpl -> fetching system status...
03:00:40 23/11/2017
INFO:HotelSystemStatusImpl -> fetching system status...
03:00:40 23/11/2017
INFO:RoomDaoImpl -> fetching all rooms...
03:00:44 23/11/2017
INFO:CustomerDaoImpl -> fetching all customers
03:00:46 23/11/2017
INFO:HotelSystemStatusImpl -> fetching system status...
03:00:46 23/11/2017
INFO:ReservationDaoImpl -> fetching all reservations by date...
03:00:46 23/11/2017
INFO:ReservationDaoImpl -> fetching all garanteed reservations...
03:00:46 23/11/2017
INFO:ReservationDaoImpl -> fetching all waiting reservations...
03:00:46 23/11/2017
INFO:ReservationDaoImpl -> fetching all reservations by date...
03:00:46 23/11/2017
INFO:ReservationDaoImpl -> fetching all garanteed reservations...
03:00:46 23/11/2017
INFO:ReservationDaoImpl -> fetching all waiting reservations...
03:00:46 23/11/2017
INFO:ReservationDaoImpl -> fetching all reservations by date...
03:00:46 23/11/2017
INFO:ReservationDaoImpl -> fetching all garanteed reservations...
03:00:46 23/11/2017
INFO:ReservationDaoImpl -> fetching all waiting reservations...
03:00:46 23/11/2017
INFO:ReservationDaoImpl -> fetching all reservations by date...
03:00:46 23/11/2017
INFO:ReservationDaoImpl -> fetching all garanteed reservations...
03:00:46 23/11/2017
INFO:ReservationDaoImpl -> fetching all waiting reservations...
03:00:46 23/11/2017
INFO:ReservationDaoImpl -> fetching all reservations by date...
03:00:46 23/11/2017
INFO:ReservationDaoImpl -> fetching all garanteed reservations...
03:00:46 23/11/2017
INFO:ReservationDaoImpl -> fetching all waiting reservations...
03:00:46 23/11/2017
INFO:ReservationDaoImpl -> fetching all reservations by date...
03:00:46 23/11/2017
INFO:ReservationDaoImpl -> fetching all garanteed reservations...
03:00:46 23/11/2017
INFO:ReservationDaoImpl -> fetching all waiting reservations...
03:00:46 23/11/2017
INFO:ReservationDaoImpl -> fetching all reservations by date...
03:00:46 23/11/2017
INFO:ReservationDaoImpl -> fetching all garanteed reservations...
03:00:46 23/11/2017
INFO:ReservationDaoImpl -> fetching all waiting reservations...
03:00:46 23/11/2017
INFO:ReservationDaoImpl -> fetching all reservations by date...
03:00:46 23/11/2017
INFO:ReservationDaoImpl -> fetching all garanteed reservations...
03:00:46 23/11/2017
INFO:ReservationDaoImpl -> fetching all waiting reservations...
03:00:46 23/11/2017
INFO:ReservationDaoImpl -> fetching all reservations by date...
03:00:46 23/11/2017
INFO:ReservationDaoImpl -> fetching all garanteed reservations...
03:00:46 23/11/2017
INFO:ReservationDaoImpl -> fetching all waiting reservations...
03:00:46 23/11/2017
INFO:ReservationDaoImpl -> fetching all reservations by date...
03:00:46 23/11/2017
INFO:ReservationDaoImpl -> fetching all garanteed reservations...
03:00:46 23/11/2017
INFO:ReservationDaoImpl -> fetching all waiting reservations...
03:00:46 23/11/2017
INFO:ReservationDaoImpl -> fetching all reservations by date...
03:00:46 23/11/2017
INFO:ReservationDaoImpl -> fetching all garanteed reservations...
03:00:46 23/11/2017
INFO:ReservationDaoImpl -> fetching all waiting reservations...
03:00:46 23/11/2017
INFO:ReservationDaoImpl -> fetching all reservations by date...
03:00:46 23/11/2017
INFO:ReservationDaoImpl -> fetching all garanteed reservations...
03:00:46 23/11/2017
INFO:ReservationDaoImpl -> fetching all waiting reservations...
03:00:46 23/11/2017
INFO:ReservationDaoImpl -> fetching all reservations by date...
03:00:46 23/11/2017
INFO:ReservationDaoImpl -> fetching all garanteed reservations...
03:00:46 23/11/2017
INFO:ReservationDaoImpl -> fetching all waiting reservations...
03:00:46 23/11/2017
INFO:ReservationDaoImpl -> fetching all reservations by date...
03:00:46 23/11/2017
INFO:ReservationDaoImpl -> fetching all garanteed reservations...
03:00:46 23/11/2017
INFO:ReservationDaoImpl -> fetching all waiting reservations...
03:00:46 23/11/2017
INFO:ReservationDaoImpl -> fetching all reservations by date...
03:00:46 23/11/2017
INFO:ReservationDaoImpl -> fetching all garanteed reservations...
03:00:46 23/11/2017
INFO:ReservationDaoImpl -> fetching all waiting reservations...
03:00:46 23/11/2017
INFO:ReservationDaoImpl -> fetching all reservations by date...
03:00:46 23/11/2017
INFO:ReservationDaoImpl -> fetching all garanteed reservations...
03:00:46 23/11/2017
INFO:ReservationDaoImpl -> fetching all waiting reservations...
03:00:46 23/11/2017
INFO:ReservationDaoImpl -> fetching all reservations by date...
03:00:46 23/11/2017
INFO:ReservationDaoImpl -> fetching all garanteed reservations...
03:00:46 23/11/2017
INFO:ReservationDaoImpl -> fetching all waiting reservations...
03:00:46 23/11/2017
INFO:ReservationDaoImpl -> fetching all reservations by date...
03:00:46 23/11/2017
INFO:ReservationDaoImpl -> fetching all garanteed reservations...
03:00:46 23/11/2017
INFO:ReservationDaoImpl -> fetching all waiting reservations...
03:00:46 23/11/2017
INFO:ReservationDaoImpl -> fetching all reservations by date...
03:00:46 23/11/2017
INFO:ReservationDaoImpl -> fetching all garanteed reservations...
03:00:46 23/11/2017
INFO:ReservationDaoImpl -> fetching all waiting reservations...
03:00:46 23/11/2017
INFO:ReservationDaoImpl -> fetching all reservations by date...
03:00:46 23/11/2017
INFO:ReservationDaoImpl -> fetching all garanteed reservations...
03:00:46 23/11/2017
INFO:ReservationDaoImpl -> fetching all waiting reservations...
03:00:46 23/11/2017
INFO:ReservationDaoImpl -> fetching all reservations by date...
03:00:46 23/11/2017
INFO:ReservationDaoImpl -> fetching all garanteed reservations...
03:00:46 23/11/2017
INFO:ReservationDaoImpl -> fetching all waiting reservations...
03:00:46 23/11/2017
INFO:ReservationDaoImpl -> fetching all reservations by date...
03:00:46 23/11/2017
INFO:ReservationDaoImpl -> fetching all garanteed reservations...
03:00:46 23/11/2017
INFO:ReservationDaoImpl -> fetching all waiting reservations...
03:00:46 23/11/2017
INFO:ReservationDaoImpl -> fetching all reservations by date...
03:00:46 23/11/2017
INFO:ReservationDaoImpl -> fetching all garanteed reservations...
03:00:46 23/11/2017
INFO:ReservationDaoImpl -> fetching all waiting reservations...
03:00:46 23/11/2017
INFO:ReservationDaoImpl -> fetching all reservations by date...
03:00:46 23/11/2017
INFO:ReservationDaoImpl -> fetching all garanteed reservations...
03:00:46 23/11/2017
INFO:ReservationDaoImpl -> fetching all waiting reservations...
03:00:46 23/11/2017
INFO:ReservationDaoImpl -> fetching all reservations by date...
03:00:46 23/11/2017
INFO:ReservationDaoImpl -> fetching all garanteed reservations...
03:00:46 23/11/2017
INFO:ReservationDaoImpl -> fetching all waiting reservations...
03:00:46 23/11/2017
INFO:ReservationDaoImpl -> fetching all reservations by date...
03:00:46 23/11/2017
INFO:ReservationDaoImpl -> fetching all garanteed reservations...
03:00:46 23/11/2017
INFO:ReservationDaoImpl -> fetching all waiting reservations...
03:00:46 23/11/2017
INFO:ReservationDaoImpl -> fetching all reservations by date...
03:00:46 23/11/2017
INFO:ReservationDaoImpl -> fetching all garanteed reservations...
03:00:46 23/11/2017
INFO:ReservationDaoImpl -> fetching all waiting reservations...
03:00:46 23/11/2017
INFO:ReservationDaoImpl -> fetching all reservations by date...
03:00:46 23/11/2017
INFO:ReservationDaoImpl -> fetching all garanteed reservations...
03:00:46 23/11/2017
INFO:ReservationDaoImpl -> fetching all waiting reservations...
03:00:46 23/11/2017
INFO:ReservationDaoImpl -> fetching all reservations by date...
03:00:46 23/11/2017
INFO:ReservationDaoImpl -> fetching all garanteed reservations...
03:00:46 23/11/2017
INFO:ReservationDaoImpl -> fetching all waiting reservations...
03:00:46 23/11/2017
INFO:ReservationDaoImpl -> fetching all reservations by date...
03:00:46 23/11/2017
INFO:ReservationDaoImpl -> fetching all garanteed reservations...
03:00:46 23/11/2017
INFO:ReservationDaoImpl -> fetching all waiting reservations...
03:00:46 23/11/2017
INFO:ReservationDaoImpl -> fetching all reservations by date...
03:00:46 23/11/2017
INFO:ReservationDaoImpl -> fetching all garanteed reservations...
03:00:46 23/11/2017
INFO:ReservationDaoImpl -> fetching all waiting reservations...
03:00:47 23/11/2017
INFO:HotelSystemStatusImpl -> fetching system status...
03:00:47 23/11/2017
INFO:RoomDaoImpl -> fetching all rooms...
03:00:47 23/11/2017
INFO:ReservationDaoImpl -> fetching all reservations...
03:00:47 23/11/2017
INFO:CustomerDaoImpl -> fetching all customers
03:00:48 23/11/2017
INFO:RoomDaoImpl -> fetching all rooms...
03:00:49 23/11/2017
INFO:PostingDaoImpl -> fetching all postings for today...
03:00:49 23/11/2017
INFO:PaymentDaoImpl -> fetching all payments for today...
03:00:49 23/11/2017
INFO:PaymentDaoImpl -> fetching total cash lira for one day...
03:00:49 23/11/2017
INFO:PostingDaoImpl -> fetching total cash lira posting for one day...
03:00:49 23/11/2017
INFO:PaymentDaoImpl -> fetching total cash dollar for one day...
03:00:49 23/11/2017
INFO:PostingDaoImpl -> fetching total cash dollar posting for one day...
03:00:49 23/11/2017
INFO:PaymentDaoImpl -> fetching total cash euro for one day...
03:00:49 23/11/2017
INFO:PostingDaoImpl -> fetching total cash dollar posting for one day...
03:00:49 23/11/2017
INFO:PaymentDaoImpl -> fetching total cash pound for one day...
03:00:49 23/11/2017
INFO:PostingDaoImpl -> fetching total cash dollar posting for one day...
03:00:49 23/11/2017
INFO:PaymentDaoImpl -> fetching total credit pound for one day...
03:00:49 23/11/2017
INFO:PostingDaoImpl -> fetching total cash dollar posting for one day...
03:00:50 23/11/2017
INFO:HotelSystemStatusImpl -> fetching system status...
03:00:50 23/11/2017
INFO:ReservationDaoImpl -> fetching all reservations...
03:00:59 23/11/2017
INFO:Language changed.
03:01:07 23/11/2017
INFO:PropertiesReader -> checking System moderator credentials...
03:01:07 23/11/2017
INFO:User is : system
03:01:07 23/11/2017
INFO:MainFrame created successfully.
03:04:19 23/11/2017
INFO:Language changed.
03:04:25 23/11/2017
INFO:PropertiesReader -> checking System moderator credentials...
03:04:25 23/11/2017
INFO:User is : system
03:04:26 23/11/2017
INFO:MainFrame created successfully.
03:04:31 23/11/2017
INFO:HotelSystemStatusImpl -> fetching system status...
03:04:31 23/11/2017
INFO:HotelSystemStatusImpl -> fetching system status...
03:04:31 23/11/2017
INFO:RoomDaoImpl -> fetching all rooms...
03:06:41 23/11/2017
INFO:Language changed.
03:06:50 23/11/2017
INFO:PropertiesReader -> checking System moderator credentials...
03:06:50 23/11/2017
INFO:User is : system
03:06:50 23/11/2017
INFO:MainFrame created successfully.
03:18:13 23/11/2017
INFO:Language changed.
03:18:20 23/11/2017
INFO:PropertiesReader -> checking System moderator credentials...
03:18:20 23/11/2017
INFO:User is : system
03:18:21 23/11/2017
INFO:MainFrame created successfully.
03:21:23 23/11/2017
INFO:HotelSystemStatusImpl -> fetching system status...
03:21:23 23/11/2017
INFO:HotelSystemStatusImpl -> fetching system status...
03:21:23 23/11/2017
INFO:RoomDaoImpl -> fetching all rooms...
03:23:31 23/11/2017
INFO:Language changed.
03:23:37 23/11/2017
INFO:PropertiesReader -> checking System moderator credentials...
03:23:37 23/11/2017
INFO:User is : system
03:23:38 23/11/2017
INFO:MainFrame created successfully.
03:23:43 23/11/2017
INFO:CustomerDaoImpl -> fetching all customers
03:25:58 23/11/2017
INFO:Language changed.
03:26:04 23/11/2017
INFO:PropertiesReader -> checking System moderator credentials...
03:26:04 23/11/2017
INFO:User is : system
03:26:05 23/11/2017
INFO:MainFrame created successfully.
04:06:34 23/11/2017
INFO:Language changed.
04:06:42 23/11/2017
INFO:PropertiesReader -> checking System moderator credentials...
04:06:43 23/11/2017
INFO:User is : system
04:06:43 23/11/2017
INFO:MainFrame created successfully.
04:07:00 23/11/2017
INFO:HotelSystemStatusImpl -> fetching system status...
04:07:00 23/11/2017
INFO:HotelSystemStatusImpl -> fetching system status...
04:07:00 23/11/2017
INFO:RoomDaoImpl -> fetching all rooms...
04:08:06 23/11/2017
INFO:HotelSystemStatusImpl -> fetching system status...
04:08:06 23/11/2017
INFO:HotelSystemStatusImpl -> fetching system status...
04:08:06 23/11/2017
INFO:RoomDaoImpl -> fetching all rooms...
04:11:15 23/11/2017
INFO:PropertiesReader -> checking System moderator credentials...
04:11:15 23/11/2017
INFO:User is : system
04:11:15 23/11/2017
INFO:MainFrame created successfully.
04:11:19 23/11/2017
INFO:HotelSystemStatusImpl -> fetching system status...
04:11:20 23/11/2017
INFO:ReservationDaoImpl -> fetching all reservations by date...
04:11:20 23/11/2017
INFO:ReservationDaoImpl -> fetching all garanteed reservations...
04:11:20 23/11/2017
INFO:ReservationDaoImpl -> fetching all waiting reservations...
04:11:20 23/11/2017
INFO:ReservationDaoImpl -> fetching all reservations by date...
04:11:20 23/11/2017
INFO:ReservationDaoImpl -> fetching all garanteed reservations...
04:11:20 23/11/2017
INFO:ReservationDaoImpl -> fetching all waiting reservations...
04:11:20 23/11/2017
INFO:ReservationDaoImpl -> fetching all reservations by date...
04:11:20 23/11/2017
INFO:ReservationDaoImpl -> fetching all garanteed reservations...
04:11:20 23/11/2017
INFO:ReservationDaoImpl -> fetching all waiting reservations...
04:11:20 23/11/2017
INFO:ReservationDaoImpl -> fetching all reservations by date...
04:11:20 23/11/2017
INFO:ReservationDaoImpl -> fetching all garanteed reservations...
04:11:20 23/11/2017
INFO:ReservationDaoImpl -> fetching all waiting reservations...
04:11:20 23/11/2017
INFO:ReservationDaoImpl -> fetching all reservations by date...
04:11:20 23/11/2017
INFO:ReservationDaoImpl -> fetching all garanteed reservations...
04:11:20 23/11/2017
INFO:ReservationDaoImpl -> fetching all waiting reservations...
04:11:20 23/11/2017
INFO:ReservationDaoImpl -> fetching all reservations by date...
04:11:20 23/11/2017
INFO:ReservationDaoImpl -> fetching all garanteed reservations...
04:11:20 23/11/2017
INFO:ReservationDaoImpl -> fetching all waiting reservations...
04:11:20 23/11/2017
INFO:ReservationDaoImpl -> fetching all reservations by date...
04:11:20 23/11/2017
INFO:ReservationDaoImpl -> fetching all garanteed reservations...
04:11:20 23/11/2017
INFO:ReservationDaoImpl -> fetching all waiting reservations...
04:11:20 23/11/2017
INFO:ReservationDaoImpl -> fetching all reservations by date...
04:11:20 23/11/2017
INFO:ReservationDaoImpl -> fetching all garanteed reservations...
04:11:20 23/11/2017
INFO:ReservationDaoImpl -> fetching all waiting reservations...
04:11:20 23/11/2017
INFO:ReservationDaoImpl -> fetching all reservations by date...
04:11:20 23/11/2017
INFO:ReservationDaoImpl -> fetching all garanteed reservations...
04:11:20 23/11/2017
INFO:ReservationDaoImpl -> fetching all waiting reservations...
04:11:20 23/11/2017
INFO:ReservationDaoImpl -> fetching all reservations by date...
04:11:20 23/11/2017
INFO:ReservationDaoImpl -> fetching all garanteed reservations...
04:11:20 23/11/2017
INFO:ReservationDaoImpl -> fetching all waiting reservations...
04:11:20 23/11/2017
INFO:ReservationDaoImpl -> fetching all reservations by date...
04:11:20 23/11/2017
INFO:ReservationDaoImpl -> fetching all garanteed reservations...
04:11:20 23/11/2017
INFO:ReservationDaoImpl -> fetching all waiting reservations...
04:11:20 23/11/2017
INFO:ReservationDaoImpl -> fetching all reservations by date...
04:11:20 23/11/2017
INFO:ReservationDaoImpl -> fetching all garanteed reservations...
04:11:20 23/11/2017
INFO:ReservationDaoImpl -> fetching all waiting reservations...
04:11:20 23/11/2017
INFO:ReservationDaoImpl -> fetching all reservations by date...
04:11:20 23/11/2017
INFO:ReservationDaoImpl -> fetching all garanteed reservations...
04:11:20 23/11/2017
INFO:ReservationDaoImpl -> fetching all waiting reservations...
04:11:20 23/11/2017
INFO:ReservationDaoImpl -> fetching all reservations by date...
04:11:20 23/11/2017
INFO:ReservationDaoImpl -> fetching all garanteed reservations...
04:11:20 23/11/2017
INFO:ReservationDaoImpl -> fetching all waiting reservations...
04:11:20 23/11/2017
INFO:ReservationDaoImpl -> fetching all reservations by date...
04:11:20 23/11/2017
INFO:ReservationDaoImpl -> fetching all garanteed reservations...
04:11:20 23/11/2017
INFO:ReservationDaoImpl -> fetching all waiting reservations...
04:11:20 23/11/2017
INFO:ReservationDaoImpl -> fetching all reservations by date...
04:11:20 23/11/2017
INFO:ReservationDaoImpl -> fetching all garanteed reservations...
04:11:20 23/11/2017
INFO:ReservationDaoImpl -> fetching all waiting reservations...
04:11:20 23/11/2017
INFO:ReservationDaoImpl -> fetching all reservations by date...
04:11:20 23/11/2017
INFO:ReservationDaoImpl -> fetching all garanteed reservations...
04:11:20 23/11/2017
INFO:ReservationDaoImpl -> fetching all waiting reservations...
04:11:20 23/11/2017
INFO:ReservationDaoImpl -> fetching all reservations by date...
04:11:20 23/11/2017
INFO:ReservationDaoImpl -> fetching all garanteed reservations...
04:11:20 23/11/2017
INFO:ReservationDaoImpl -> fetching all waiting reservations...
04:11:20 23/11/2017
INFO:ReservationDaoImpl -> fetching all reservations by date...
04:11:20 23/11/2017
INFO:ReservationDaoImpl -> fetching all garanteed reservations...
04:11:20 23/11/2017
INFO:ReservationDaoImpl -> fetching all waiting reservations...
04:11:20 23/11/2017
INFO:ReservationDaoImpl -> fetching all reservations by date...
04:11:20 23/11/2017
INFO:ReservationDaoImpl -> fetching all garanteed reservations...
04:11:20 23/11/2017
INFO:ReservationDaoImpl -> fetching all waiting reservations...
04:11:20 23/11/2017
INFO:ReservationDaoImpl -> fetching all reservations by date...
04:11:20 23/11/2017
INFO:ReservationDaoImpl -> fetching all garanteed reservations...
04:11:20 23/11/2017
INFO:ReservationDaoImpl -> fetching all waiting reservations...
04:11:20 23/11/2017
INFO:ReservationDaoImpl -> fetching all reservations by date...
04:11:20 23/11/2017
INFO:ReservationDaoImpl -> fetching all garanteed reservations...
04:11:20 23/11/2017
INFO:ReservationDaoImpl -> fetching all waiting reservations...
04:11:20 23/11/2017
INFO:ReservationDaoImpl -> fetching all reservations by date...
04:11:20 23/11/2017
INFO:ReservationDaoImpl -> fetching all garanteed reservations...
04:11:20 23/11/2017
INFO:ReservationDaoImpl -> fetching all waiting reservations...
04:11:20 23/11/2017
INFO:ReservationDaoImpl -> fetching all reservations by date...
04:11:20 23/11/2017
INFO:ReservationDaoImpl -> fetching all garanteed reservations...
04:11:20 23/11/2017
INFO:ReservationDaoImpl -> fetching all waiting reservations...
04:11:20 23/11/2017
INFO:ReservationDaoImpl -> fetching all reservations by date...
04:11:20 23/11/2017
INFO:ReservationDaoImpl -> fetching all garanteed reservations...
04:11:20 23/11/2017
INFO:ReservationDaoImpl -> fetching all waiting reservations...
04:11:20 23/11/2017
INFO:ReservationDaoImpl -> fetching all reservations by date...
04:11:20 23/11/2017
INFO:ReservationDaoImpl -> fetching all garanteed reservations...
04:11:20 23/11/2017
INFO:ReservationDaoImpl -> fetching all waiting reservations...
04:11:20 23/11/2017
INFO:ReservationDaoImpl -> fetching all reservations by date...
04:11:20 23/11/2017
INFO:ReservationDaoImpl -> fetching all garanteed reservations...
04:11:20 23/11/2017
INFO:ReservationDaoImpl -> fetching all waiting reservations...
04:11:20 23/11/2017
INFO:ReservationDaoImpl -> fetching all reservations by date...
04:11:20 23/11/2017
INFO:ReservationDaoImpl -> fetching all garanteed reservations...
04:11:20 23/11/2017
INFO:ReservationDaoImpl -> fetching all waiting reservations...
04:11:20 23/11/2017
INFO:ReservationDaoImpl -> fetching all reservations by date...
04:11:20 23/11/2017
INFO:ReservationDaoImpl -> fetching all garanteed reservations...
04:11:20 23/11/2017
INFO:ReservationDaoImpl -> fetching all waiting reservations...
04:11:20 23/11/2017
INFO:ReservationDaoImpl -> fetching all reservations by date...
04:11:20 23/11/2017
INFO:ReservationDaoImpl -> fetching all garanteed reservations...
04:11:20 23/11/2017
INFO:ReservationDaoImpl -> fetching all waiting reservations...
04:11:20 23/11/2017
INFO:ReservationDaoImpl -> fetching all reservations by date...
04:11:20 23/11/2017
INFO:ReservationDaoImpl -> fetching all garanteed reservations...
04:11:20 23/11/2017
INFO:ReservationDaoImpl -> fetching all waiting reservations...
04:11:21 23/11/2017
INFO:User is : system
04:11:21 23/11/2017
INFO:ReservationDaoImpl -> fetching all reservations by date...
04:11:21 23/11/2017
INFO:RoomDaoImpl -> fetching all rooms...
04:11:21 23/11/2017
INFO:ReservationDaoImpl -> fetching all reservations by date...
04:11:21 23/11/2017
INFO:RoomDaoImpl -> fetching all rooms...
04:12:25 23/11/2017
INFO:RoomDaoImpl -> fetching room by number 1005
04:12:27 23/11/2017
INFO:RoomDaoImpl -> fetching room by number 1003
04:13:02 23/11/2017
INFO:Reservation details : Reservation [Id=0, groupName=Onur Işık 1 Double, checkinDate=2017-11-23, checkoutDate=2017-11-25, totalDays=2, agency=WEB, hostType=B.B, creditType=STANDART CUSTOMER CREDIT, bookStatus=GUARANTEE, note=Tek kişi, paymentStatus=false, theNumber=1003, isCheckedIn=NO, agencyRefNo=12345, referanceNo=]
04:13:02 23/11/2017
INFO:ReservationDaoImpl -> reservations saved successfully.
04:13:02 23/11/2017
INFO:RoomDaoImpl -> fetching room by number 1003
04:13:03 23/11/2017
INFO:ReservationDaoImpl -> fetching last reservation...
04:13:03 23/11/2017
INFO:Reservation room details : Room [theRoomId=3, number=1003, type=DOUBLE, price=50.0, totalPrice=100.0, balance=0, remaining debt=100.0, currency=EURO, cleaningStatus=CLEAN, usageStatus=BLOCKED, personCount=1, customerGrupName=Onur Işık 1 Double, ReservationId=1]
04:13:03 23/11/2017
INFO:RoomDaoImpl -> room number :1003 status updated successfully.
04:13:03 23/11/2017
INFO:CustomerDaoImpl -> customer saved successfully : Onur 
04:13:03 23/11/2017
INFO:Reservation customer(s) : Customer [CustomerId=1, FirstName=Onur , LastName=Işık , Country=Iraq, Document=null, DocumentNo=null, DateOfBirth=null, Gender=null, MaritalStatus=null, FatherName=null, MotherName=null, Email=null, Phone=null, ReservationId=1]
04:13:03 23/11/2017
INFO:New reservation saved successfully.
04:13:08 23/11/2017
INFO:HotelSystemStatusImpl -> fetching system status...
04:13:08 23/11/2017
INFO:RoomDaoImpl -> fetching all rooms...
04:13:09 23/11/2017
INFO:ReservationDaoImpl -> fetching all reservations...
04:13:09 23/11/2017
INFO:CustomerDaoImpl -> fetching all customers
04:16:49 23/11/2017
INFO:HotelSystemStatusImpl -> fetching system status...
04:16:49 23/11/2017
INFO:HotelSystemStatusImpl -> fetching system status...
04:16:49 23/11/2017
INFO:RoomDaoImpl -> fetching all rooms...
04:16:49 23/11/2017
INFO:ReservationDaoImpl -> fetching reservation by Id...
04:16:51 23/11/2017
INFO:HotelSystemStatusImpl -> fetching system status...
04:16:51 23/11/2017
INFO:RoomDaoImpl -> fetching all rooms...
04:16:51 23/11/2017
INFO:ReservationDaoImpl -> fetching all reservations...
04:16:51 23/11/2017
INFO:CustomerDaoImpl -> fetching all customers
04:32:12 23/11/2017
INFO:PropertiesReader -> checking System moderator credentials...
04:32:12 23/11/2017
INFO:User is : system
04:32:13 23/11/2017
INFO:MainFrame created successfully.
04:32:20 23/11/2017
INFO:HotelSystemStatusImpl -> fetching system status...
04:32:20 23/11/2017
INFO:RoomDaoImpl -> fetching all rooms...
04:32:20 23/11/2017
INFO:ReservationDaoImpl -> fetching all reservations...
04:32:20 23/11/2017
INFO:CustomerDaoImpl -> fetching all customers
04:33:46 23/11/2017
INFO:PropertiesReader -> checking System moderator credentials...
04:33:46 23/11/2017
INFO:User is : system
04:33:47 23/11/2017
INFO:MainFrame created successfully.
04:33:52 23/11/2017
INFO:HotelSystemStatusImpl -> fetching system status...
04:33:52 23/11/2017
INFO:RoomDaoImpl -> fetching all rooms...
04:33:52 23/11/2017
INFO:ReservationDaoImpl -> fetching all reservations...
04:33:52 23/11/2017
INFO:CustomerDaoImpl -> fetching all customers
04:37:46 23/11/2017
INFO:PropertiesReader -> checking System moderator credentials...
04:37:46 23/11/2017
INFO:User is : system
04:37:47 23/11/2017
INFO:MainFrame created successfully.
04:37:52 23/11/2017
INFO:HotelSystemStatusImpl -> fetching system status...
04:37:52 23/11/2017
INFO:RoomDaoImpl -> fetching all rooms...
04:37:52 23/11/2017
INFO:ReservationDaoImpl -> fetching all reservations...
04:37:52 23/11/2017
INFO:CustomerDaoImpl -> fetching all customers
04:40:12 23/11/2017
INFO:PropertiesReader -> checking System moderator credentials...
04:40:12 23/11/2017
INFO:User is : system
04:40:12 23/11/2017
INFO:MainFrame created successfully.
04:40:16 23/11/2017
INFO:HotelSystemStatusImpl -> fetching system status...
04:40:16 23/11/2017
INFO:RoomDaoImpl -> fetching all rooms...
04:40:16 23/11/2017
INFO:ReservationDaoImpl -> fetching all reservations...
04:40:16 23/11/2017
INFO:CustomerDaoImpl -> fetching all customers
04:52:16 23/11/2017
INFO:PropertiesReader -> checking System moderator credentials...
04:52:16 23/11/2017
INFO:User is : system
04:52:16 23/11/2017
INFO:MainFrame created successfully.
04:52:22 23/11/2017
INFO:HotelSystemStatusImpl -> fetching system status...
04:52:22 23/11/2017
INFO:RoomDaoImpl -> fetching all rooms...
04:52:22 23/11/2017
INFO:ReservationDaoImpl -> fetching all reservations...
04:52:22 23/11/2017
INFO:CustomerDaoImpl -> fetching all customers
04:59:58 23/11/2017
INFO:PropertiesReader -> checking System moderator credentials...
04:59:58 23/11/2017
INFO:User is : system
04:59:59 23/11/2017
INFO:MainFrame created successfully.
05:00:03 23/11/2017
INFO:HotelSystemStatusImpl -> fetching system status...
05:00:03 23/11/2017
INFO:RoomDaoImpl -> fetching all rooms...
05:00:03 23/11/2017
INFO:ReservationDaoImpl -> fetching all reservations...
05:00:03 23/11/2017
INFO:CustomerDaoImpl -> fetching all customers
05:02:44 23/11/2017
INFO:HotelSystemStatusImpl -> fetching system status...
05:02:44 23/11/2017
INFO:ReservationDaoImpl -> fetching all reservations by date...
05:02:44 23/11/2017
INFO:ReservationDaoImpl -> fetching all garanteed reservations...
05:02:44 23/11/2017
INFO:ReservationDaoImpl -> fetching all waiting reservations...
05:02:44 23/11/2017
INFO:ReservationDaoImpl -> fetching all reservations by date...
05:02:44 23/11/2017
INFO:ReservationDaoImpl -> fetching all garanteed reservations...
05:02:44 23/11/2017
INFO:ReservationDaoImpl -> fetching all waiting reservations...
05:02:44 23/11/2017
INFO:ReservationDaoImpl -> fetching all reservations by date...
05:02:44 23/11/2017
INFO:ReservationDaoImpl -> fetching all garanteed reservations...
05:02:44 23/11/2017
INFO:ReservationDaoImpl -> fetching all waiting reservations...
05:02:44 23/11/2017
INFO:ReservationDaoImpl -> fetching all reservations by date...
05:02:44 23/11/2017
INFO:ReservationDaoImpl -> fetching all garanteed reservations...
05:02:44 23/11/2017
INFO:ReservationDaoImpl -> fetching all waiting reservations...
05:02:44 23/11/2017
INFO:ReservationDaoImpl -> fetching all reservations by date...
05:02:44 23/11/2017
INFO:ReservationDaoImpl -> fetching all garanteed reservations...
05:02:44 23/11/2017
INFO:ReservationDaoImpl -> fetching all waiting reservations...
05:02:44 23/11/2017
INFO:ReservationDaoImpl -> fetching all reservations by date...
05:02:44 23/11/2017
INFO:ReservationDaoImpl -> fetching all garanteed reservations...
05:02:44 23/11/2017
INFO:ReservationDaoImpl -> fetching all waiting reservations...
05:02:44 23/11/2017
INFO:ReservationDaoImpl -> fetching all reservations by date...
05:02:44 23/11/2017
INFO:ReservationDaoImpl -> fetching all garanteed reservations...
05:02:44 23/11/2017
INFO:ReservationDaoImpl -> fetching all waiting reservations...
05:02:44 23/11/2017
INFO:ReservationDaoImpl -> fetching all reservations by date...
05:02:44 23/11/2017
INFO:ReservationDaoImpl -> fetching all garanteed reservations...
05:02:44 23/11/2017
INFO:ReservationDaoImpl -> fetching all waiting reservations...
05:02:44 23/11/2017
INFO:ReservationDaoImpl -> fetching all reservations by date...
05:02:44 23/11/2017
INFO:ReservationDaoImpl -> fetching all garanteed reservations...
05:02:44 23/11/2017
INFO:ReservationDaoImpl -> fetching all waiting reservations...
05:02:44 23/11/2017
INFO:ReservationDaoImpl -> fetching all reservations by date...
05:02:44 23/11/2017
INFO:ReservationDaoImpl -> fetching all garanteed reservations...
05:02:44 23/11/2017
INFO:ReservationDaoImpl -> fetching all waiting reservations...
05:02:44 23/11/2017
INFO:ReservationDaoImpl -> fetching all reservations by date...
05:02:44 23/11/2017
INFO:ReservationDaoImpl -> fetching all garanteed reservations...
05:02:44 23/11/2017
INFO:ReservationDaoImpl -> fetching all waiting reservations...
05:02:44 23/11/2017
INFO:ReservationDaoImpl -> fetching all reservations by date...
05:02:44 23/11/2017
INFO:ReservationDaoImpl -> fetching all garanteed reservations...
05:02:44 23/11/2017
INFO:ReservationDaoImpl -> fetching all waiting reservations...
05:02:44 23/11/2017
INFO:ReservationDaoImpl -> fetching all reservations by date...
05:02:44 23/11/2017
INFO:ReservationDaoImpl -> fetching all garanteed reservations...
05:02:44 23/11/2017
INFO:ReservationDaoImpl -> fetching all waiting reservations...
05:02:44 23/11/2017
INFO:ReservationDaoImpl -> fetching all reservations by date...
05:02:44 23/11/2017
INFO:ReservationDaoImpl -> fetching all garanteed reservations...
05:02:44 23/11/2017
INFO:ReservationDaoImpl -> fetching all waiting reservations...
05:02:44 23/11/2017
INFO:ReservationDaoImpl -> fetching all reservations by date...
05:02:44 23/11/2017
INFO:ReservationDaoImpl -> fetching all garanteed reservations...
05:02:44 23/11/2017
INFO:ReservationDaoImpl -> fetching all waiting reservations...
05:02:44 23/11/2017
INFO:ReservationDaoImpl -> fetching all reservations by date...
05:02:44 23/11/2017
INFO:ReservationDaoImpl -> fetching all garanteed reservations...
05:02:44 23/11/2017
INFO:ReservationDaoImpl -> fetching all waiting reservations...
05:02:44 23/11/2017
INFO:ReservationDaoImpl -> fetching all reservations by date...
05:02:44 23/11/2017
INFO:ReservationDaoImpl -> fetching all garanteed reservations...
05:02:44 23/11/2017
INFO:ReservationDaoImpl -> fetching all waiting reservations...
05:02:44 23/11/2017
INFO:ReservationDaoImpl -> fetching all reservations by date...
05:02:44 23/11/2017
INFO:ReservationDaoImpl -> fetching all garanteed reservations...
05:02:44 23/11/2017
INFO:ReservationDaoImpl -> fetching all waiting reservations...
05:02:44 23/11/2017
INFO:ReservationDaoImpl -> fetching all reservations by date...
05:02:44 23/11/2017
INFO:ReservationDaoImpl -> fetching all garanteed reservations...
05:02:44 23/11/2017
INFO:ReservationDaoImpl -> fetching all waiting reservations...
05:02:44 23/11/2017
INFO:ReservationDaoImpl -> fetching all reservations by date...
05:02:44 23/11/2017
INFO:ReservationDaoImpl -> fetching all garanteed reservations...
05:02:44 23/11/2017
INFO:ReservationDaoImpl -> fetching all waiting reservations...
05:02:44 23/11/2017
INFO:ReservationDaoImpl -> fetching all reservations by date...
05:02:44 23/11/2017
INFO:ReservationDaoImpl -> fetching all garanteed reservations...
05:02:44 23/11/2017
INFO:ReservationDaoImpl -> fetching all waiting reservations...
05:02:44 23/11/2017
INFO:ReservationDaoImpl -> fetching all reservations by date...
05:02:44 23/11/2017
INFO:ReservationDaoImpl -> fetching all garanteed reservations...
05:02:44 23/11/2017
INFO:ReservationDaoImpl -> fetching all waiting reservations...
05:02:44 23/11/2017
INFO:ReservationDaoImpl -> fetching all reservations by date...
05:02:44 23/11/2017
INFO:ReservationDaoImpl -> fetching all garanteed reservations...
05:02:44 23/11/2017
INFO:ReservationDaoImpl -> fetching all waiting reservations...
05:02:44 23/11/2017
INFO:ReservationDaoImpl -> fetching all reservations by date...
05:02:44 23/11/2017
INFO:ReservationDaoImpl -> fetching all garanteed reservations...
05:02:44 23/11/2017
INFO:ReservationDaoImpl -> fetching all waiting reservations...
05:02:44 23/11/2017
INFO:ReservationDaoImpl -> fetching all reservations by date...
05:02:44 23/11/2017
INFO:ReservationDaoImpl -> fetching all garanteed reservations...
05:02:44 23/11/2017
INFO:ReservationDaoImpl -> fetching all waiting reservations...
05:02:44 23/11/2017
INFO:ReservationDaoImpl -> fetching all reservations by date...
05:02:44 23/11/2017
INFO:ReservationDaoImpl -> fetching all garanteed reservations...
05:02:44 23/11/2017
INFO:ReservationDaoImpl -> fetching all waiting reservations...
05:02:44 23/11/2017
INFO:ReservationDaoImpl -> fetching all reservations by date...
05:02:44 23/11/2017
INFO:ReservationDaoImpl -> fetching all garanteed reservations...
05:02:44 23/11/2017
INFO:ReservationDaoImpl -> fetching all waiting reservations...
05:02:44 23/11/2017
INFO:ReservationDaoImpl -> fetching all reservations by date...
05:02:44 23/11/2017
INFO:ReservationDaoImpl -> fetching all garanteed reservations...
05:02:44 23/11/2017
INFO:ReservationDaoImpl -> fetching all waiting reservations...
05:02:44 23/11/2017
INFO:ReservationDaoImpl -> fetching all reservations by date...
05:02:44 23/11/2017
INFO:ReservationDaoImpl -> fetching all garanteed reservations...
05:02:44 23/11/2017
INFO:ReservationDaoImpl -> fetching all waiting reservations...
05:02:44 23/11/2017
INFO:ReservationDaoImpl -> fetching all reservations by date...
05:02:44 23/11/2017
INFO:ReservationDaoImpl -> fetching all garanteed reservations...
05:02:44 23/11/2017
INFO:ReservationDaoImpl -> fetching all waiting reservations...
05:02:44 23/11/2017
INFO:ReservationDaoImpl -> fetching all reservations by date...
05:02:44 23/11/2017
INFO:ReservationDaoImpl -> fetching all garanteed reservations...
05:02:44 23/11/2017
INFO:ReservationDaoImpl -> fetching all waiting reservations...
05:02:46 23/11/2017
INFO:CustomerDaoImpl -> fetching all customers
05:02:46 23/11/2017
INFO:ReservationDaoImpl -> fetching reservation by Id...
05:02:50 23/11/2017
INFO:HotelSystemStatusImpl -> fetching system status...
05:02:50 23/11/2017
INFO:HotelSystemStatusImpl -> fetching system status...
05:02:50 23/11/2017
INFO:RoomDaoImpl -> fetching all rooms...
05:02:50 23/11/2017
INFO:ReservationDaoImpl -> fetching reservation by Id...
05:02:52 23/11/2017
INFO:HotelSystemStatusImpl -> fetching system status...
05:02:52 23/11/2017
INFO:RoomDaoImpl -> fetching all rooms...
05:02:52 23/11/2017
INFO:ReservationDaoImpl -> fetching all reservations...
05:02:52 23/11/2017
INFO:CustomerDaoImpl -> fetching all customers
05:06:55 23/11/2017
INFO:PropertiesReader -> checking System moderator credentials...
05:06:55 23/11/2017
INFO:User is : system
05:06:55 23/11/2017
INFO:MainFrame created successfully.
05:07:01 23/11/2017
INFO:HotelSystemStatusImpl -> fetching system status...
05:07:01 23/11/2017
INFO:RoomDaoImpl -> fetching all rooms...
05:07:01 23/11/2017
INFO:ReservationDaoImpl -> fetching all reservations...
05:07:01 23/11/2017
INFO:CustomerDaoImpl -> fetching all customers
05:08:50 23/11/2017
INFO:HotelSystemStatusImpl -> fetching system status...
05:08:50 23/11/2017
INFO:HotelSystemStatusImpl -> fetching system status...
05:08:50 23/11/2017
INFO:RoomDaoImpl -> fetching all rooms...
05:08:50 23/11/2017
INFO:ReservationDaoImpl -> fetching reservation by Id...
05:08:59 23/11/2017
INFO:HotelSystemStatusImpl -> fetching system status...
05:08:59 23/11/2017
INFO:ReservationDaoImpl -> fetching all reservations by date...
05:08:59 23/11/2017
INFO:ReservationDaoImpl -> fetching all garanteed reservations...
05:08:59 23/11/2017
INFO:ReservationDaoImpl -> fetching all waiting reservations...
05:08:59 23/11/2017
INFO:ReservationDaoImpl -> fetching all reservations by date...
05:08:59 23/11/2017
INFO:ReservationDaoImpl -> fetching all garanteed reservations...
05:08:59 23/11/2017
INFO:ReservationDaoImpl -> fetching all waiting reservations...
05:08:59 23/11/2017
INFO:ReservationDaoImpl -> fetching all reservations by date...
05:08:59 23/11/2017
INFO:ReservationDaoImpl -> fetching all garanteed reservations...
05:08:59 23/11/2017
INFO:ReservationDaoImpl -> fetching all waiting reservations...
05:08:59 23/11/2017
INFO:ReservationDaoImpl -> fetching all reservations by date...
05:08:59 23/11/2017
INFO:ReservationDaoImpl -> fetching all garanteed reservations...
05:08:59 23/11/2017
INFO:ReservationDaoImpl -> fetching all waiting reservations...
05:08:59 23/11/2017
INFO:ReservationDaoImpl -> fetching all reservations by date...
05:08:59 23/11/2017
INFO:ReservationDaoImpl -> fetching all garanteed reservations...
05:08:59 23/11/2017
INFO:ReservationDaoImpl -> fetching all waiting reservations...
05:08:59 23/11/2017
INFO:ReservationDaoImpl -> fetching all reservations by date...
05:08:59 23/11/2017
INFO:ReservationDaoImpl -> fetching all garanteed reservations...
05:08:59 23/11/2017
INFO:ReservationDaoImpl -> fetching all waiting reservations...
05:08:59 23/11/2017
INFO:ReservationDaoImpl -> fetching all reservations by date...
05:08:59 23/11/2017
INFO:ReservationDaoImpl -> fetching all garanteed reservations...
05:08:59 23/11/2017
INFO:ReservationDaoImpl -> fetching all waiting reservations...
05:08:59 23/11/2017
INFO:ReservationDaoImpl -> fetching all reservations by date...
05:08:59 23/11/2017
INFO:ReservationDaoImpl -> fetching all garanteed reservations...
05:08:59 23/11/2017
INFO:ReservationDaoImpl -> fetching all waiting reservations...
05:08:59 23/11/2017
INFO:ReservationDaoImpl -> fetching all reservations by date...
05:08:59 23/11/2017
INFO:ReservationDaoImpl -> fetching all garanteed reservations...
05:08:59 23/11/2017
INFO:ReservationDaoImpl -> fetching all waiting reservations...
05:08:59 23/11/2017
INFO:ReservationDaoImpl -> fetching all reservations by date...
05:08:59 23/11/2017
INFO:ReservationDaoImpl -> fetching all garanteed reservations...
05:08:59 23/11/2017
INFO:ReservationDaoImpl -> fetching all waiting reservations...
05:08:59 23/11/2017
INFO:ReservationDaoImpl -> fetching all reservations by date...
05:08:59 23/11/2017
INFO:ReservationDaoImpl -> fetching all garanteed reservations...
05:08:59 23/11/2017
INFO:ReservationDaoImpl -> fetching all waiting reservations...
05:08:59 23/11/2017
INFO:ReservationDaoImpl -> fetching all reservations by date...
05:08:59 23/11/2017
INFO:ReservationDaoImpl -> fetching all garanteed reservations...
05:08:59 23/11/2017
INFO:ReservationDaoImpl -> fetching all waiting reservations...
05:08:59 23/11/2017
INFO:ReservationDaoImpl -> fetching all reservations by date...
05:08:59 23/11/2017
INFO:ReservationDaoImpl -> fetching all garanteed reservations...
05:08:59 23/11/2017
INFO:ReservationDaoImpl -> fetching all waiting reservations...
05:08:59 23/11/2017
INFO:ReservationDaoImpl -> fetching all reservations by date...
05:08:59 23/11/2017
INFO:ReservationDaoImpl -> fetching all garanteed reservations...
05:08:59 23/11/2017
INFO:ReservationDaoImpl -> fetching all waiting reservations...
05:08:59 23/11/2017
INFO:ReservationDaoImpl -> fetching all reservations by date...
05:08:59 23/11/2017
INFO:ReservationDaoImpl -> fetching all garanteed reservations...
05:08:59 23/11/2017
INFO:ReservationDaoImpl -> fetching all waiting reservations...
05:08:59 23/11/2017
INFO:ReservationDaoImpl -> fetching all reservations by date...
05:08:59 23/11/2017
INFO:ReservationDaoImpl -> fetching all garanteed reservations...
05:08:59 23/11/2017
INFO:ReservationDaoImpl -> fetching all waiting reservations...
05:08:59 23/11/2017
INFO:ReservationDaoImpl -> fetching all reservations by date...
05:08:59 23/11/2017
INFO:ReservationDaoImpl -> fetching all garanteed reservations...
05:08:59 23/11/2017
INFO:ReservationDaoImpl -> fetching all waiting reservations...
05:08:59 23/11/2017
INFO:ReservationDaoImpl -> fetching all reservations by date...
05:08:59 23/11/2017
INFO:ReservationDaoImpl -> fetching all garanteed reservations...
05:08:59 23/11/2017
INFO:ReservationDaoImpl -> fetching all waiting reservations...
05:08:59 23/11/2017
INFO:ReservationDaoImpl -> fetching all reservations by date...
05:08:59 23/11/2017
INFO:ReservationDaoImpl -> fetching all garanteed reservations...
05:08:59 23/11/2017
INFO:ReservationDaoImpl -> fetching all waiting reservations...
05:08:59 23/11/2017
INFO:ReservationDaoImpl -> fetching all reservations by date...
05:08:59 23/11/2017
INFO:ReservationDaoImpl -> fetching all garanteed reservations...
05:08:59 23/11/2017
INFO:ReservationDaoImpl -> fetching all waiting reservations...
05:08:59 23/11/2017
INFO:ReservationDaoImpl -> fetching all reservations by date...
05:08:59 23/11/2017
INFO:ReservationDaoImpl -> fetching all garanteed reservations...
05:08:59 23/11/2017
INFO:ReservationDaoImpl -> fetching all waiting reservations...
05:08:59 23/11/2017
INFO:ReservationDaoImpl -> fetching all reservations by date...
05:08:59 23/11/2017
INFO:ReservationDaoImpl -> fetching all garanteed reservations...
05:08:59 23/11/2017
INFO:ReservationDaoImpl -> fetching all waiting reservations...
05:08:59 23/11/2017
INFO:ReservationDaoImpl -> fetching all reservations by date...
05:08:59 23/11/2017
INFO:ReservationDaoImpl -> fetching all garanteed reservations...
05:08:59 23/11/2017
INFO:ReservationDaoImpl -> fetching all waiting reservations...
05:08:59 23/11/2017
INFO:ReservationDaoImpl -> fetching all reservations by date...
05:08:59 23/11/2017
INFO:ReservationDaoImpl -> fetching all garanteed reservations...
05:08:59 23/11/2017
INFO:ReservationDaoImpl -> fetching all waiting reservations...
05:08:59 23/11/2017
INFO:ReservationDaoImpl -> fetching all reservations by date...
05:08:59 23/11/2017
INFO:ReservationDaoImpl -> fetching all garanteed reservations...
05:08:59 23/11/2017
INFO:ReservationDaoImpl -> fetching all waiting reservations...
05:08:59 23/11/2017
INFO:ReservationDaoImpl -> fetching all reservations by date...
05:08:59 23/11/2017
INFO:ReservationDaoImpl -> fetching all garanteed reservations...
05:08:59 23/11/2017
INFO:ReservationDaoImpl -> fetching all waiting reservations...
05:08:59 23/11/2017
INFO:ReservationDaoImpl -> fetching all reservations by date...
05:08:59 23/11/2017
INFO:ReservationDaoImpl -> fetching all garanteed reservations...
05:08:59 23/11/2017
INFO:ReservationDaoImpl -> fetching all waiting reservations...
05:08:59 23/11/2017
INFO:ReservationDaoImpl -> fetching all reservations by date...
05:08:59 23/11/2017
INFO:ReservationDaoImpl -> fetching all garanteed reservations...
05:08:59 23/11/2017
INFO:ReservationDaoImpl -> fetching all waiting reservations...
05:08:59 23/11/2017
INFO:ReservationDaoImpl -> fetching all reservations by date...
05:08:59 23/11/2017
INFO:ReservationDaoImpl -> fetching all garanteed reservations...
05:08:59 23/11/2017
INFO:ReservationDaoImpl -> fetching all waiting reservations...
05:08:59 23/11/2017
INFO:ReservationDaoImpl -> fetching all reservations by date...
05:08:59 23/11/2017
INFO:ReservationDaoImpl -> fetching all garanteed reservations...
05:08:59 23/11/2017
INFO:ReservationDaoImpl -> fetching all waiting reservations...
05:08:59 23/11/2017
INFO:ReservationDaoImpl -> fetching all reservations by date...
05:08:59 23/11/2017
INFO:ReservationDaoImpl -> fetching all garanteed reservations...
05:08:59 23/11/2017
INFO:ReservationDaoImpl -> fetching all waiting reservations...
05:09:21 23/11/2017
INFO:User is : system
05:09:22 23/11/2017
INFO:ReservationDaoImpl -> fetching all reservations by date...
05:09:22 23/11/2017
INFO:RoomDaoImpl -> fetching all rooms...
05:09:22 23/11/2017
INFO:ReservationDaoImpl -> fetching all reservations by date...
05:09:22 23/11/2017
INFO:RoomDaoImpl -> fetching all rooms...
05:09:22 23/11/2017
INFO:Searching reservation by DATE : 2017-11-23:2017-11-30
05:09:22 23/11/2017
INFO:ReservationDaoImpl -> fetching reservation by date...
05:09:22 23/11/2017
INFO:CustomerDaoImpl -> customer updated successfully : [Customer [CustomerId=1, FirstName=Onur , LastName=Işık , Country=Iraq, Document=null, DocumentNo=null, DateOfBirth=null, Gender=null, MaritalStatus=null, FatherName=null, MotherName=null, Email=null, Phone=null, ReservationId=1]]
05:09:22 23/11/2017
INFO:RoomDaoImpl -> fetching room by identity :1
05:09:29 23/11/2017
INFO:Reservation found : Reservation [Id=1, groupName=Onur Işık 1 Double, checkinDate=2017-11-23, checkoutDate=2017-11-25, totalDays=2, agency=WEB, hostType=B.B, creditType=STANDART CUSTOMER CREDIT, bookStatus=GUARANTEE, note=Tek kişi, paymentStatus=false, theNumber=1003, isCheckedIn=NO, agencyRefNo=12345, referanceNo=]
05:12:43 23/11/2017
INFO:PropertiesReader -> checking System moderator credentials...
05:12:43 23/11/2017
INFO:User is : system
05:12:44 23/11/2017
INFO:MainFrame created successfully.
05:12:48 23/11/2017
INFO:HotelSystemStatusImpl -> fetching system status...
05:12:48 23/11/2017
INFO:RoomDaoImpl -> fetching all rooms...
05:12:48 23/11/2017
INFO:ReservationDaoImpl -> fetching all reservations...
05:12:48 23/11/2017
INFO:CustomerDaoImpl -> fetching all customers
05:14:14 23/11/2017
INFO:HotelSystemStatusImpl -> fetching system status...
05:14:14 23/11/2017
INFO:ReservationDaoImpl -> fetching all reservations by date...
05:14:14 23/11/2017
INFO:ReservationDaoImpl -> fetching all garanteed reservations...
05:14:14 23/11/2017
INFO:ReservationDaoImpl -> fetching all waiting reservations...
05:14:14 23/11/2017
INFO:ReservationDaoImpl -> fetching all reservations by date...
05:14:14 23/11/2017
INFO:ReservationDaoImpl -> fetching all garanteed reservations...
05:14:14 23/11/2017
INFO:ReservationDaoImpl -> fetching all waiting reservations...
05:14:14 23/11/2017
INFO:ReservationDaoImpl -> fetching all reservations by date...
05:14:14 23/11/2017
INFO:ReservationDaoImpl -> fetching all garanteed reservations...
05:14:14 23/11/2017
INFO:ReservationDaoImpl -> fetching all waiting reservations...
05:14:14 23/11/2017
INFO:ReservationDaoImpl -> fetching all reservations by date...
05:14:14 23/11/2017
INFO:ReservationDaoImpl -> fetching all garanteed reservations...
05:14:14 23/11/2017
INFO:ReservationDaoImpl -> fetching all waiting reservations...
05:14:14 23/11/2017
INFO:ReservationDaoImpl -> fetching all reservations by date...
05:14:14 23/11/2017
INFO:ReservationDaoImpl -> fetching all garanteed reservations...
05:14:14 23/11/2017
INFO:ReservationDaoImpl -> fetching all waiting reservations...
05:14:14 23/11/2017
INFO:ReservationDaoImpl -> fetching all reservations by date...
05:14:14 23/11/2017
INFO:ReservationDaoImpl -> fetching all garanteed reservations...
05:14:14 23/11/2017
INFO:ReservationDaoImpl -> fetching all waiting reservations...
05:14:14 23/11/2017
INFO:ReservationDaoImpl -> fetching all reservations by date...
05:14:14 23/11/2017
INFO:ReservationDaoImpl -> fetching all garanteed reservations...
05:14:14 23/11/2017
INFO:ReservationDaoImpl -> fetching all waiting reservations...
05:14:14 23/11/2017
INFO:ReservationDaoImpl -> fetching all reservations by date...
05:14:14 23/11/2017
INFO:ReservationDaoImpl -> fetching all garanteed reservations...
05:14:14 23/11/2017
INFO:ReservationDaoImpl -> fetching all waiting reservations...
05:14:14 23/11/2017
INFO:ReservationDaoImpl -> fetching all reservations by date...
05:14:14 23/11/2017
INFO:ReservationDaoImpl -> fetching all garanteed reservations...
05:14:14 23/11/2017
INFO:ReservationDaoImpl -> fetching all waiting reservations...
05:14:14 23/11/2017
INFO:ReservationDaoImpl -> fetching all reservations by date...
05:14:14 23/11/2017
INFO:ReservationDaoImpl -> fetching all garanteed reservations...
05:14:14 23/11/2017
INFO:ReservationDaoImpl -> fetching all waiting reservations...
05:14:14 23/11/2017
INFO:ReservationDaoImpl -> fetching all reservations by date...
05:14:14 23/11/2017
INFO:ReservationDaoImpl -> fetching all garanteed reservations...
05:14:14 23/11/2017
INFO:ReservationDaoImpl -> fetching all waiting reservations...
05:14:14 23/11/2017
INFO:ReservationDaoImpl -> fetching all reservations by date...
05:14:14 23/11/2017
INFO:ReservationDaoImpl -> fetching all garanteed reservations...
05:14:14 23/11/2017
INFO:ReservationDaoImpl -> fetching all waiting reservations...
05:14:14 23/11/2017
INFO:ReservationDaoImpl -> fetching all reservations by date...
05:14:14 23/11/2017
INFO:ReservationDaoImpl -> fetching all garanteed reservations...
05:14:14 23/11/2017
INFO:ReservationDaoImpl -> fetching all waiting reservations...
05:14:14 23/11/2017
INFO:ReservationDaoImpl -> fetching all reservations by date...
05:14:14 23/11/2017
INFO:ReservationDaoImpl -> fetching all garanteed reservations...
05:14:14 23/11/2017
INFO:ReservationDaoImpl -> fetching all waiting reservations...
05:14:14 23/11/2017
INFO:ReservationDaoImpl -> fetching all reservations by date...
05:14:14 23/11/2017
INFO:ReservationDaoImpl -> fetching all garanteed reservations...
05:14:14 23/11/2017
INFO:ReservationDaoImpl -> fetching all waiting reservations...
05:14:14 23/11/2017
INFO:ReservationDaoImpl -> fetching all reservations by date...
05:14:14 23/11/2017
INFO:ReservationDaoImpl -> fetching all garanteed reservations...
05:14:14 23/11/2017
INFO:ReservationDaoImpl -> fetching all waiting reservations...
05:14:14 23/11/2017
INFO:ReservationDaoImpl -> fetching all reservations by date...
05:14:14 23/11/2017
INFO:ReservationDaoImpl -> fetching all garanteed reservations...
05:14:14 23/11/2017
INFO:ReservationDaoImpl -> fetching all waiting reservations...
05:14:14 23/11/2017
INFO:ReservationDaoImpl -> fetching all reservations by date...
05:14:14 23/11/2017
INFO:ReservationDaoImpl -> fetching all garanteed reservations...
05:14:14 23/11/2017
INFO:ReservationDaoImpl -> fetching all waiting reservations...
05:14:14 23/11/2017
INFO:ReservationDaoImpl -> fetching all reservations by date...
05:14:14 23/11/2017
INFO:ReservationDaoImpl -> fetching all garanteed reservations...
05:14:14 23/11/2017
INFO:ReservationDaoImpl -> fetching all waiting reservations...
05:14:14 23/11/2017
INFO:ReservationDaoImpl -> fetching all reservations by date...
05:14:14 23/11/2017
INFO:ReservationDaoImpl -> fetching all garanteed reservations...
05:14:14 23/11/2017
INFO:ReservationDaoImpl -> fetching all waiting reservations...
05:14:14 23/11/2017
INFO:ReservationDaoImpl -> fetching all reservations by date...
05:14:14 23/11/2017
INFO:ReservationDaoImpl -> fetching all garanteed reservations...
05:14:14 23/11/2017
INFO:ReservationDaoImpl -> fetching all waiting reservations...
05:14:14 23/11/2017
INFO:ReservationDaoImpl -> fetching all reservations by date...
05:14:14 23/11/2017
INFO:ReservationDaoImpl -> fetching all garanteed reservations...
05:14:14 23/11/2017
INFO:ReservationDaoImpl -> fetching all waiting reservations...
05:14:14 23/11/2017
INFO:ReservationDaoImpl -> fetching all reservations by date...
05:14:14 23/11/2017
INFO:ReservationDaoImpl -> fetching all garanteed reservations...
05:14:14 23/11/2017
INFO:ReservationDaoImpl -> fetching all waiting reservations...
05:14:14 23/11/2017
INFO:ReservationDaoImpl -> fetching all reservations by date...
05:14:14 23/11/2017
INFO:ReservationDaoImpl -> fetching all garanteed reservations...
05:14:14 23/11/2017
INFO:ReservationDaoImpl -> fetching all waiting reservations...
05:14:14 23/11/2017
INFO:ReservationDaoImpl -> fetching all reservations by date...
05:14:14 23/11/2017
INFO:ReservationDaoImpl -> fetching all garanteed reservations...
05:14:14 23/11/2017
INFO:ReservationDaoImpl -> fetching all waiting reservations...
05:14:14 23/11/2017
INFO:ReservationDaoImpl -> fetching all reservations by date...
05:14:14 23/11/2017
INFO:ReservationDaoImpl -> fetching all garanteed reservations...
05:14:14 23/11/2017
INFO:ReservationDaoImpl -> fetching all waiting reservations...
05:14:14 23/11/2017
INFO:ReservationDaoImpl -> fetching all reservations by date...
05:14:14 23/11/2017
INFO:ReservationDaoImpl -> fetching all garanteed reservations...
05:14:14 23/11/2017
INFO:ReservationDaoImpl -> fetching all waiting reservations...
05:14:14 23/11/2017
INFO:ReservationDaoImpl -> fetching all reservations by date...
05:14:14 23/11/2017
INFO:ReservationDaoImpl -> fetching all garanteed reservations...
05:14:14 23/11/2017
INFO:ReservationDaoImpl -> fetching all waiting reservations...
05:14:14 23/11/2017
INFO:ReservationDaoImpl -> fetching all reservations by date...
05:14:14 23/11/2017
INFO:ReservationDaoImpl -> fetching all garanteed reservations...
05:14:14 23/11/2017
INFO:ReservationDaoImpl -> fetching all waiting reservations...
05:14:14 23/11/2017
INFO:ReservationDaoImpl -> fetching all reservations by date...
05:14:14 23/11/2017
INFO:ReservationDaoImpl -> fetching all garanteed reservations...
05:14:14 23/11/2017
INFO:ReservationDaoImpl -> fetching all waiting reservations...
05:14:14 23/11/2017
INFO:ReservationDaoImpl -> fetching all reservations by date...
05:14:14 23/11/2017
INFO:ReservationDaoImpl -> fetching all garanteed reservations...
05:14:14 23/11/2017
INFO:ReservationDaoImpl -> fetching all waiting reservations...
05:15:49 23/11/2017
INFO:PropertiesReader -> checking System moderator credentials...
05:15:49 23/11/2017
INFO:User is : system
05:15:49 23/11/2017
INFO:MainFrame created successfully.
05:15:53 23/11/2017
INFO:HotelSystemStatusImpl -> fetching system status...
05:15:53 23/11/2017
INFO:RoomDaoImpl -> fetching all rooms...
05:15:53 23/11/2017
INFO:ReservationDaoImpl -> fetching all reservations...
05:15:53 23/11/2017
INFO:CustomerDaoImpl -> fetching all customers
05:19:03 23/11/2017
INFO:PropertiesReader -> checking System moderator credentials...
05:19:03 23/11/2017
INFO:User is : system
05:19:03 23/11/2017
INFO:MainFrame created successfully.
05:19:07 23/11/2017
INFO:HotelSystemStatusImpl -> fetching system status...
05:19:07 23/11/2017
INFO:RoomDaoImpl -> fetching all rooms...
05:19:07 23/11/2017
INFO:ReservationDaoImpl -> fetching all reservations...
05:19:07 23/11/2017
INFO:CustomerDaoImpl -> fetching all customers
05:30:07 23/11/2017
INFO:PropertiesReader -> checking System moderator credentials...
05:30:07 23/11/2017
INFO:User is : system
05:30:08 23/11/2017
INFO:MainFrame created successfully.
05:30:11 23/11/2017
INFO:HotelSystemStatusImpl -> fetching system status...
05:30:11 23/11/2017
INFO:RoomDaoImpl -> fetching all rooms...
05:30:11 23/11/2017
INFO:ReservationDaoImpl -> fetching all reservations...
05:30:11 23/11/2017
INFO:CustomerDaoImpl -> fetching all customers
05:33:03 23/11/2017
INFO:PropertiesReader -> checking System moderator credentials...
05:33:04 23/11/2017
INFO:User is : system
05:33:04 23/11/2017
INFO:MainFrame created successfully.
05:33:13 23/11/2017
INFO:HotelSystemStatusImpl -> fetching system status...
05:33:13 23/11/2017
INFO:RoomDaoImpl -> fetching all rooms...
05:33:13 23/11/2017
INFO:ReservationDaoImpl -> fetching all reservations...
05:33:13 23/11/2017
INFO:CustomerDaoImpl -> fetching all customers
05:41:36 23/11/2017
INFO:PropertiesReader -> checking System moderator credentials...
05:41:36 23/11/2017
INFO:User is : system
05:41:37 23/11/2017
INFO:MainFrame created successfully.
05:41:41 23/11/2017
INFO:HotelSystemStatusImpl -> fetching system status...
05:41:41 23/11/2017
INFO:RoomDaoImpl -> fetching all rooms...
05:41:41 23/11/2017
INFO:ReservationDaoImpl -> fetching all reservations...
05:41:41 23/11/2017
INFO:CustomerDaoImpl -> fetching all customers
05:43:32 23/11/2017
INFO:PropertiesReader -> checking System moderator credentials...
05:43:32 23/11/2017
INFO:User is : system
05:43:33 23/11/2017
INFO:MainFrame created successfully.
05:43:36 23/11/2017
INFO:HotelSystemStatusImpl -> fetching system status...
05:43:37 23/11/2017
INFO:RoomDaoImpl -> fetching all rooms...
05:43:37 23/11/2017
INFO:ReservationDaoImpl -> fetching all reservations...
05:43:37 23/11/2017
INFO:CustomerDaoImpl -> fetching all customers
05:45:03 23/11/2017
INFO:PropertiesReader -> checking System moderator credentials...
05:45:03 23/11/2017
INFO:User is : system
05:45:03 23/11/2017
INFO:MainFrame created successfully.
05:45:07 23/11/2017
INFO:HotelSystemStatusImpl -> fetching system status...
05:45:07 23/11/2017
INFO:RoomDaoImpl -> fetching all rooms...
05:45:07 23/11/2017
INFO:ReservationDaoImpl -> fetching all reservations...
05:45:07 23/11/2017
INFO:CustomerDaoImpl -> fetching all customers
05:55:40 23/11/2017
INFO:PropertiesReader -> checking System moderator credentials...
05:55:40 23/11/2017
INFO:User is : system
05:55:41 23/11/2017
INFO:MainFrame created successfully.
05:55:45 23/11/2017
INFO:HotelSystemStatusImpl -> fetching system status...
05:55:45 23/11/2017
INFO:RoomDaoImpl -> fetching all rooms...
05:55:45 23/11/2017
INFO:ReservationDaoImpl -> fetching all reservations...
05:55:45 23/11/2017
INFO:CustomerDaoImpl -> fetching all customers
05:57:18 23/11/2017
INFO:PropertiesReader -> checking System moderator credentials...
05:57:18 23/11/2017
INFO:User is : system
05:57:18 23/11/2017
INFO:MainFrame created successfully.
05:57:22 23/11/2017
INFO:HotelSystemStatusImpl -> fetching system status...
05:57:22 23/11/2017
INFO:RoomDaoImpl -> fetching all rooms...
05:57:22 23/11/2017
INFO:ReservationDaoImpl -> fetching all reservations...
05:57:22 23/11/2017
INFO:CustomerDaoImpl -> fetching all customers
05:58:46 23/11/2017
INFO:PropertiesReader -> checking System moderator credentials...
05:58:46 23/11/2017
INFO:User is : system
05:58:46 23/11/2017
INFO:MainFrame created successfully.
05:58:50 23/11/2017
INFO:HotelSystemStatusImpl -> fetching system status...
05:58:50 23/11/2017
INFO:RoomDaoImpl -> fetching all rooms...
05:58:50 23/11/2017
INFO:ReservationDaoImpl -> fetching all reservations...
05:58:50 23/11/2017
INFO:CustomerDaoImpl -> fetching all customers
06:02:20 23/11/2017
INFO:PropertiesReader -> checking System moderator credentials...
06:02:20 23/11/2017
INFO:User is : system
06:02:21 23/11/2017
INFO:MainFrame created successfully.
06:02:24 23/11/2017
INFO:HotelSystemStatusImpl -> fetching system status...
06:02:24 23/11/2017
INFO:RoomDaoImpl -> fetching all rooms...
06:02:24 23/11/2017
INFO:ReservationDaoImpl -> fetching all reservations...
06:02:24 23/11/2017
INFO:CustomerDaoImpl -> fetching all customers
06:06:51 23/11/2017
INFO:PropertiesReader -> checking System moderator credentials...
06:06:51 23/11/2017
INFO:User is : system
06:06:52 23/11/2017
INFO:MainFrame created successfully.
06:06:55 23/11/2017
INFO:HotelSystemStatusImpl -> fetching system status...
06:06:55 23/11/2017
INFO:RoomDaoImpl -> fetching all rooms...
06:06:55 23/11/2017
INFO:ReservationDaoImpl -> fetching all reservations...
06:06:55 23/11/2017
INFO:CustomerDaoImpl -> fetching all customers
06:09:06 23/11/2017
INFO:PropertiesReader -> checking System moderator credentials...
06:09:06 23/11/2017
INFO:User is : system
06:09:06 23/11/2017
INFO:MainFrame created successfully.
06:09:11 23/11/2017
INFO:HotelSystemStatusImpl -> fetching system status...
06:09:11 23/11/2017
INFO:HotelSystemStatusImpl -> fetching system status...
06:09:11 23/11/2017
INFO:RoomDaoImpl -> fetching all rooms...
06:09:11 23/11/2017
INFO:ReservationDaoImpl -> fetching reservation by Id...
06:09:13 23/11/2017
INFO:HotelSystemStatusImpl -> fetching system status...
06:09:13 23/11/2017
INFO:RoomDaoImpl -> fetching all rooms...
06:09:13 23/11/2017
INFO:ReservationDaoImpl -> fetching all reservations...
06:09:13 23/11/2017
INFO:CustomerDaoImpl -> fetching all customers
06:11:39 23/11/2017
INFO:PropertiesReader -> checking System moderator credentials...
06:11:39 23/11/2017
INFO:User is : system
06:11:40 23/11/2017
INFO:MainFrame created successfully.
06:11:43 23/11/2017
INFO:HotelSystemStatusImpl -> fetching system status...
06:11:43 23/11/2017
INFO:RoomDaoImpl -> fetching all rooms...
06:11:43 23/11/2017
INFO:ReservationDaoImpl -> fetching all reservations...
06:11:43 23/11/2017
INFO:CustomerDaoImpl -> fetching all customers
06:17:04 23/11/2017
INFO:PropertiesReader -> checking System moderator credentials...
06:17:04 23/11/2017
INFO:User is : system
06:17:05 23/11/2017
INFO:MainFrame created successfully.
06:17:11 23/11/2017
INFO:HotelSystemStatusImpl -> fetching system status...
06:17:11 23/11/2017
INFO:RoomDaoImpl -> fetching all rooms...
06:17:11 23/11/2017
INFO:ReservationDaoImpl -> fetching all reservations...
06:17:12 23/11/2017
INFO:CustomerDaoImpl -> fetching all customers
06:22:32 23/11/2017
INFO:PropertiesReader -> checking System moderator credentials...
06:22:32 23/11/2017
INFO:User is : system
06:22:32 23/11/2017
INFO:MainFrame created successfully.
06:22:36 23/11/2017
INFO:HotelSystemStatusImpl -> fetching system status...
06:22:36 23/11/2017
INFO:RoomDaoImpl -> fetching all rooms...
06:22:36 23/11/2017
INFO:ReservationDaoImpl -> fetching all reservations...
06:22:36 23/11/2017
INFO:CustomerDaoImpl -> fetching all customers
06:29:46 23/11/2017
INFO:PropertiesReader -> checking System moderator credentials...
06:29:46 23/11/2017
INFO:User is : system
06:29:46 23/11/2017
INFO:MainFrame created successfully.
06:29:50 23/11/2017
INFO:HotelSystemStatusImpl -> fetching system status...
06:29:50 23/11/2017
INFO:RoomDaoImpl -> fetching all rooms...
06:29:50 23/11/2017
INFO:ReservationDaoImpl -> fetching all reservations...
06:29:50 23/11/2017
INFO:CustomerDaoImpl -> fetching all customers
06:33:32 23/11/2017
INFO:PropertiesReader -> checking System moderator credentials...
06:33:32 23/11/2017
INFO:User is : system
06:33:32 23/11/2017
INFO:MainFrame created successfully.
06:33:36 23/11/2017
INFO:HotelSystemStatusImpl -> fetching system status...
06:33:36 23/11/2017
INFO:RoomDaoImpl -> fetching all rooms...
06:33:36 23/11/2017
INFO:ReservationDaoImpl -> fetching all reservations...
06:33:36 23/11/2017
INFO:CustomerDaoImpl -> fetching all customers
06:45:17 23/11/2017
INFO:PropertiesReader -> checking System moderator credentials...
06:45:18 23/11/2017
INFO:User is : system
06:45:18 23/11/2017
INFO:MainFrame created successfully.
06:45:22 23/11/2017
INFO:HotelSystemStatusImpl -> fetching system status...
06:45:22 23/11/2017
INFO:RoomDaoImpl -> fetching all rooms...
06:45:22 23/11/2017
INFO:ReservationDaoImpl -> fetching all reservations...
06:45:22 23/11/2017
INFO:CustomerDaoImpl -> fetching all customers
06:46:32 23/11/2017
INFO:PropertiesReader -> checking System moderator credentials...
06:46:32 23/11/2017
INFO:User is : system
06:46:32 23/11/2017
INFO:MainFrame created successfully.
06:46:36 23/11/2017
INFO:HotelSystemStatusImpl -> fetching system status...
06:46:36 23/11/2017
INFO:RoomDaoImpl -> fetching all rooms...
06:46:36 23/11/2017
INFO:ReservationDaoImpl -> fetching all reservations...
06:46:36 23/11/2017
INFO:CustomerDaoImpl -> fetching all customers
07:01:26 23/11/2017
INFO:PropertiesReader -> checking System moderator credentials...
07:01:26 23/11/2017
INFO:User is : system
07:01:27 23/11/2017
INFO:MainFrame created successfully.
07:01:30 23/11/2017
INFO:HotelSystemStatusImpl -> fetching system status...
07:01:31 23/11/2017
INFO:RoomDaoImpl -> fetching all rooms...
07:01:31 23/11/2017
INFO:ReservationDaoImpl -> fetching all reservations...
07:01:31 23/11/2017
INFO:CustomerDaoImpl -> fetching all customers
07:02:14 23/11/2017
INFO:PropertiesReader -> checking System moderator credentials...
07:02:14 23/11/2017
INFO:User is : system
07:02:15 23/11/2017
INFO:MainFrame created successfully.
07:02:18 23/11/2017
INFO:HotelSystemStatusImpl -> fetching system status...
07:02:19 23/11/2017
INFO:RoomDaoImpl -> fetching all rooms...
07:02:19 23/11/2017
INFO:ReservationDaoImpl -> fetching all reservations...
07:02:19 23/11/2017
INFO:CustomerDaoImpl -> fetching all customers
07:05:09 23/11/2017
INFO:PropertiesReader -> checking System moderator credentials...
07:05:09 23/11/2017
INFO:User is : system
07:05:10 23/11/2017
INFO:MainFrame created successfully.
07:05:13 23/11/2017
INFO:HotelSystemStatusImpl -> fetching system status...
07:05:13 23/11/2017
INFO:RoomDaoImpl -> fetching all rooms...
07:05:13 23/11/2017
INFO:ReservationDaoImpl -> fetching all reservations...
07:05:13 23/11/2017
INFO:CustomerDaoImpl -> fetching all customers
07:06:07 23/11/2017
INFO:PropertiesReader -> checking System moderator credentials...
07:06:07 23/11/2017
INFO:User is : system
07:06:07 23/11/2017
INFO:MainFrame created successfully.
07:06:10 23/11/2017
INFO:HotelSystemStatusImpl -> fetching system status...
07:06:10 23/11/2017
INFO:RoomDaoImpl -> fetching all rooms...
07:06:10 23/11/2017
INFO:ReservationDaoImpl -> fetching all reservations...
07:06:11 23/11/2017
INFO:CustomerDaoImpl -> fetching all customers
07:10:13 23/11/2017
INFO:PropertiesReader -> checking System moderator credentials...
07:10:13 23/11/2017
INFO:User is : system
07:10:13 23/11/2017
INFO:MainFrame created successfully.
07:10:17 23/11/2017
INFO:HotelSystemStatusImpl -> fetching system status...
07:10:17 23/11/2017
INFO:RoomDaoImpl -> fetching all rooms...
07:10:17 23/11/2017
INFO:ReservationDaoImpl -> fetching all reservations...
07:10:17 23/11/2017
INFO:CustomerDaoImpl -> fetching all customers
07:21:14 23/11/2017
INFO:Language changed.
07:21:16 23/11/2017
INFO:Language changed.
07:21:30 23/11/2017
INFO:PropertiesReader -> checking System moderator credentials...
07:21:30 23/11/2017
INFO:User is : system
07:21:31 23/11/2017
INFO:MainFrame created successfully.
07:21:36 23/11/2017
INFO:HotelSystemStatusImpl -> fetching system status...
07:21:36 23/11/2017
INFO:RoomDaoImpl -> fetching all rooms...
07:21:36 23/11/2017
INFO:ReservationDaoImpl -> fetching all reservations...
07:21:36 23/11/2017
INFO:CustomerDaoImpl -> fetching all customers
07:21:41 23/11/2017
INFO:HotelSystemStatusImpl -> fetching system status...
07:21:41 23/11/2017
INFO:HotelSystemStatusImpl -> fetching system status...
07:21:41 23/11/2017
INFO:RoomDaoImpl -> fetching all rooms...
07:21:41 23/11/2017
INFO:ReservationDaoImpl -> fetching reservation by Id...
