01:33:32 28/08/2017
INFO:User is : admin
01:33:35 28/08/2017
INFO:MainFrame created successfully.
01:33:35 28/08/2017
INFO:Login frame created successfully.
01:33:43 28/08/2017
INFO:User is : admin
02:40:17 28/08/2017
INFO:User is : admin
02:40:19 28/08/2017
INFO:MainFrame created successfully.
02:40:19 28/08/2017
INFO:Login frame created successfully.
02:40:22 28/08/2017
INFO:User is : admin
02:49:05 28/08/2017
INFO:Adding payment in reservation.
02:51:32 28/08/2017
INFO:Reservation details : Reservation [Id=0, groupName=AÇELYA IŞIK, checkinDate=2017-08-29, checkoutDate=2017-08-30, totalDays=1, agency=WEB, hostType=B.B, creditType=STANDART CUSTOMER CREDIT, bookStatus=GUARANTEE, note=, paymentStatus=false, theNumber=2001, isCheckedIn=NO, agencyRefNo=120039, referanceNo=]
02:51:32 28/08/2017
INFO:Reservation room details : Room [theRoomId=4, number=2001, type=DOUBLE, price=345.0, totalPrice=345.0, balance=200.0, remaining debt=145.0, currency=TURKISH LIRA, cleaningStatus=CLEAN, usageStatus=BLOCKED, personCount=1, customerGrupName=AÇELYA IŞIK, ReservationId=5]
02:51:32 28/08/2017
INFO:Reservation customer(s) : Customer [CustomerId=4, FirstName=AÇELYA , LastName=IŞIK, Country=Virgin Islands U.S., Document=null, DocumentNo=null, DateOfBirth=null, Gender=null, MaritalStatus=null, FatherName=null, MotherName=null, Email=null, Phone=null, ReservationId=5]
02:51:32 28/08/2017
INFO:New reservation saved successfully.
03:32:12 28/08/2017
INFO:User is : admin
03:32:14 28/08/2017
INFO:MainFrame created successfully.
03:32:14 28/08/2017
INFO:Login frame created successfully.
03:32:18 28/08/2017
INFO:User is : admin
03:32:21 28/08/2017
INFO:Report error ! java.io.FileNotFoundException: /com/coder/hms/reports/ReservationForm.jrxml (No such file or directory)
03:32:21 28/08/2017
INFO:Reservation is reporting.
03:32:34 28/08/2017
INFO:Report error ! java.io.FileNotFoundException: /com/coder/hms/reports/ReservationForm.jrxml (No such file or directory)
03:32:34 28/08/2017
INFO:Reservation is reporting.
03:32:35 28/08/2017
INFO:Report error ! java.io.FileNotFoundException: /com/coder/hms/reports/ReservationForm.jrxml (No such file or directory)
03:32:35 28/08/2017
INFO:Reservation is reporting.
03:32:36 28/08/2017
INFO:Report error ! java.io.FileNotFoundException: /com/coder/hms/reports/ReservationForm.jrxml (No such file or directory)
03:32:36 28/08/2017
INFO:Reservation is reporting.
03:33:09 28/08/2017
INFO:Report error ! java.io.FileNotFoundException: /com/coder/hms/reports/ReservationForm.jrxml (No such file or directory)
03:33:09 28/08/2017
INFO:Reservation is reporting.
03:33:09 28/08/2017
INFO:New reservation creating cancelled.
03:33:11 28/08/2017
INFO:User is : admin
03:33:13 28/08/2017
INFO:Report error ! java.io.FileNotFoundException: /com/coder/hms/reports/ReservationForm.jrxml (No such file or directory)
03:33:13 28/08/2017
INFO:Reservation is reporting.
03:33:15 28/08/2017
INFO:Report error ! java.io.FileNotFoundException: /com/coder/hms/reports/ReservationForm.jrxml (No such file or directory)
03:33:15 28/08/2017
INFO:Reservation is reporting.
03:33:16 28/08/2017
INFO:Report error ! java.io.FileNotFoundException: /com/coder/hms/reports/ReservationForm.jrxml (No such file or directory)
03:33:16 28/08/2017
INFO:Reservation is reporting.
03:38:05 28/08/2017
INFO:User is : admin
03:38:07 28/08/2017
INFO:MainFrame created successfully.
03:38:07 28/08/2017
INFO:Login frame created successfully.
03:38:10 28/08/2017
INFO:User is : admin
03:38:12 28/08/2017
INFO:Report error ! java.io.FileNotFoundException: /com/coder/hms/reports/ReservationForm.jrxml (No such file or directory)
03:38:12 28/08/2017
INFO:Reservation is reporting.
03:39:55 28/08/2017
INFO:User is : admin
03:39:56 28/08/2017
INFO:MainFrame created successfully.
03:39:56 28/08/2017
INFO:Login frame created successfully.
03:40:00 28/08/2017
INFO:User is : admin
03:40:02 28/08/2017
INFO:Report error ! java.io.FileNotFoundException: com/coder/hms/reports/ReservationForm.jrxml (No such file or directory)
03:40:02 28/08/2017
INFO:Reservation is reporting.
03:43:49 28/08/2017
INFO:User is : admin
03:43:52 28/08/2017
INFO:MainFrame created successfully.
03:43:52 28/08/2017
INFO:Login frame created successfully.
03:43:56 28/08/2017
INFO:User is : admin
03:43:58 28/08/2017
INFO:Report error ! java.io.FileNotFoundException: file:/Volumes/IBRIDGE/workspace2/Hotel%20Management%20System/target/classes/com/coder/hms/reports/ReservationForm.jrxml (No such file or directory)
03:43:58 28/08/2017
INFO:Reservation is reporting.
03:44:02 28/08/2017
INFO:Report error ! java.io.FileNotFoundException: file:/Volumes/IBRIDGE/workspace2/Hotel%20Management%20System/target/classes/com/coder/hms/reports/ReservationForm.jrxml (No such file or directory)
03:44:02 28/08/2017
INFO:Reservation is reporting.
04:12:06 28/08/2017
INFO:Connection created successfully.
04:12:12 28/08/2017
INFO:User is : admin
04:12:14 28/08/2017
INFO:MainFrame created successfully.
04:12:14 28/08/2017
INFO:Login frame created successfully.
04:13:24 28/08/2017
INFO:Closing SessionFactory...
04:19:44 28/08/2017
INFO:Connection created successfully.
04:19:52 28/08/2017
INFO:User is : admin
04:19:54 28/08/2017
INFO:MainFrame created successfully.
04:19:54 28/08/2017
INFO:Login frame created successfully.
04:20:01 28/08/2017
INFO:User is : admin
04:20:05 28/08/2017
INFO:Reservation is reporting.
04:43:26 28/08/2017
INFO:User is : admin
04:43:28 28/08/2017
INFO:MainFrame created successfully.
04:43:28 28/08/2017
INFO:Login frame created successfully.
04:43:33 28/08/2017
INFO:User is : admin
04:46:05 28/08/2017
INFO:User is : admin
04:46:07 28/08/2017
INFO:MainFrame created successfully.
04:46:07 28/08/2017
INFO:Login frame created successfully.
04:46:11 28/08/2017
INFO:User is : admin
04:46:47 28/08/2017
INFO:New reservation creating cancelled.
04:48:57 28/08/2017
INFO:User is : admin
04:48:59 28/08/2017
INFO:MainFrame created successfully.
04:48:59 28/08/2017
INFO:Login frame created successfully.
04:49:04 28/08/2017
INFO:User is : admin
04:49:09 28/08/2017
INFO:Reservation is reporting.
04:51:39 28/08/2017
INFO:User is : admin
04:51:41 28/08/2017
INFO:MainFrame created successfully.
04:51:41 28/08/2017
INFO:Login frame created successfully.
04:51:44 28/08/2017
INFO:User is : admin
04:51:47 28/08/2017
INFO:Reservation is reporting.
04:53:58 28/08/2017
INFO:User is : admin
04:54:00 28/08/2017
INFO:MainFrame created successfully.
04:54:00 28/08/2017
INFO:Login frame created successfully.
04:54:03 28/08/2017
INFO:User is : admin
04:54:06 28/08/2017
INFO:Reservation is reporting.
04:58:08 28/08/2017
INFO:User is : admin
04:58:10 28/08/2017
INFO:MainFrame created successfully.
04:58:10 28/08/2017
INFO:Login frame created successfully.
04:58:12 28/08/2017
INFO:User is : admin
04:58:58 28/08/2017
INFO:User is : admin
04:59:08 28/08/2017
INFO:Adding payment in reservation.
04:59:54 28/08/2017
INFO:[Blockade window] Required reservation found : Reservation [Id=5, groupName=AÇELYA IŞIK, checkinDate=2017-08-29, checkoutDate=2017-08-30, totalDays=1, agency=WEB, hostType=B.B, creditType=STANDART CUSTOMER CREDIT, bookStatus=GUARANTEE, note=, paymentStatus=false, theNumber=2001, isCheckedIn=NO, agencyRefNo=120039, referanceNo=]
04:59:54 28/08/2017
INFO:User is : admin
04:59:54 28/08/2017
INFO:Reservation window is populated successfully.
05:01:05 28/08/2017
INFO:Money Transaction started.
05:01:05 28/08/2017
INFO:User is : admin
05:06:20 28/08/2017
INFO:User is : coder acjhp
05:06:21 28/08/2017
INFO:MainFrame created successfully.
05:06:21 28/08/2017
INFO:Login frame created successfully.
05:06:27 28/08/2017
INFO:Change password window is started....
05:06:27 28/08/2017
INFO:User is : coder acjhp
05:06:44 28/08/2017
INFO:User : coder acjhpold password is : jkashd
05:38:29 28/08/2017
INFO:User is : admin
05:38:31 28/08/2017
INFO:MainFrame created successfully.
05:38:31 28/08/2017
INFO:Login frame created successfully.
05:38:35 28/08/2017
INFO:User is : admin
05:38:42 28/08/2017
INFO:Reservation is reporting.
06:24:28 28/08/2017
INFO:User is : admin
06:24:30 28/08/2017
INFO:MainFrame created successfully.
06:24:30 28/08/2017
INFO:Login frame created successfully.
06:24:34 28/08/2017
INFO:User is : admin
06:24:40 28/08/2017
INFO:JRException report error!
06:26:33 28/08/2017
INFO:User is : admin
06:26:35 28/08/2017
INFO:MainFrame created successfully.
06:26:35 28/08/2017
INFO:Login frame created successfully.
06:26:38 28/08/2017
INFO:User is : admin
06:27:51 28/08/2017
INFO:JRException report error!
06:28:29 28/08/2017
INFO:New reservation creating cancelled.
