00:32:19 25/08/2017
INFO:User is : admin
00:32:21 25/08/2017
INFO:MainFrame created successfully.
00:32:21 25/08/2017
INFO:Login frame created successfully.
00:34:23 25/08/2017
INFO:[Blockade window] Required reservation found : Reservation [Id=4, groupName=JADE VOLUNTEER, checkinDate=2017-08-23, checkoutDate=2017-08-27, totalDays=4, agency=WEB, hostType=B.B, creditType=STANDART CUSTOMER CREDIT, bookStatus=GUARANTEE, note=, paymentStatus=false, theNumber=4005, isCheckedIn=NO, agencyRefNo=, referanceNo=00001-IR]
00:34:23 25/08/2017
INFO:User is : admin
00:34:23 25/08/2017
INFO:Reservation window is populated successfully.
00:34:45 25/08/2017
INFO:New reservation creating cancelled.
00:34:50 25/08/2017
INFO:User is : admin
00:34:50 25/08/2017
INFO:Searching reservation with AGENCY REFERANCE NUMBER : 00001-IR
00:43:11 25/08/2017
INFO:User is : admin
00:43:14 25/08/2017
INFO:MainFrame created successfully.
00:43:14 25/08/2017
INFO:Login frame created successfully.
00:43:36 25/08/2017
INFO:[Blockade window] Required reservation found : Reservation [Id=4, groupName=JADE VOLUNTEER, checkinDate=2017-08-23, checkoutDate=2017-08-27, totalDays=4, agency=WEB, hostType=B.B, creditType=STANDART CUSTOMER CREDIT, bookStatus=GUARANTEE, note=, paymentStatus=false, theNumber=4005, isCheckedIn=NO, agencyRefNo=, referanceNo=00001-IR]
00:43:36 25/08/2017
INFO:User is : admin
00:43:36 25/08/2017
INFO:Reservation window is populated successfully.
00:43:51 25/08/2017
INFO:User is : admin
00:43:51 25/08/2017
INFO:Searching reservation with AGENCY REFERANCE NUMBER : 00001-IR
00:45:00 25/08/2017
INFO:User is : admin
00:45:03 25/08/2017
INFO:MainFrame created successfully.
00:45:03 25/08/2017
INFO:Login frame created successfully.
00:45:24 25/08/2017
INFO:[Blockade window] Required reservation found : Reservation [Id=4, groupName=JADE VOLUNTEER, checkinDate=2017-08-23, checkoutDate=2017-08-27, totalDays=4, agency=WEB, hostType=B.B, creditType=STANDART CUSTOMER CREDIT, bookStatus=GUARANTEE, note=, paymentStatus=false, theNumber=4005, isCheckedIn=NO, agencyRefNo=, referanceNo=00001-IR]
00:45:24 25/08/2017
INFO:User is : admin
00:45:24 25/08/2017
INFO:Reservation window is populated successfully.
00:46:16 25/08/2017
INFO:User is : admin
00:46:16 25/08/2017
INFO:Searching reservation with AGENCY REFERANCE NUMBER : 00001-IR
00:46:16 25/08/2017
INFO:Reservation not found!
01:02:20 25/08/2017
INFO:User is : admin
01:02:21 25/08/2017
INFO:Searching reservation with AGENCY REFERANCE NUMBER : 00001-IR
01:02:21 25/08/2017
INFO:Reservation not found!
01:02:28 25/08/2017
INFO:User is : admin
01:02:29 25/08/2017
INFO:Searching reservation with AGENCY REFERANCE NUMBER : 8423
01:02:29 25/08/2017
INFO:Reservation not found!
01:02:40 25/08/2017
INFO:User is : admin
01:02:40 25/08/2017
INFO:Searching reservation by REFERANCE NO : asd
01:04:48 25/08/2017
INFO:User is : admin
01:04:51 25/08/2017
INFO:MainFrame created successfully.
01:04:51 25/08/2017
INFO:Login frame created successfully.
01:06:10 25/08/2017
INFO:User is : admin
01:06:16 25/08/2017
INFO:Posting to room : 1001
01:06:31 25/08/2017
INFO:Adding payment to room : 1001
01:06:35 25/08/2017
INFO:The room checkedout is : 1001
01:06:40 25/08/2017
INFO:User is : admin
01:06:55 25/08/2017
INFO:Adding payment to room : 3006
01:06:58 25/08/2017
INFO:The room checkedout is : 3006
01:10:37 25/08/2017
INFO:User is : admin
01:10:40 25/08/2017
INFO:MainFrame created successfully.
01:10:40 25/08/2017
INFO:Login frame created successfully.
01:14:13 25/08/2017
INFO:User is : admin
01:14:16 25/08/2017
INFO:MainFrame created successfully.
01:14:16 25/08/2017
INFO:Login frame created successfully.
01:30:06 25/08/2017
INFO:User is : admin
01:30:08 25/08/2017
INFO:Server returned HTTP response code: 400 for URL: https://query.yahooapis.com/v1/public/yql?q=SELECT%20*%20FROM%20yahoo.finance.xchange%20WHERE%20pair%3D%22GBPTRY%22&diagnostics=true&env=store%3A%2F%2Fdatatables.org%2Falltableswithkeys
01:30:08 25/08/2017
INFO:MainFrame created successfully.
01:30:08 25/08/2017
INFO:Login frame created successfully.
01:34:12 25/08/2017
INFO:User is : admin
01:34:13 25/08/2017
INFO:Server returned HTTP response code: 400 for URL: https://query.yahooapis.com/v1/public/yql?q=SELECT%20*%20FROM%20yahoo.finance.xchange%20WHERE%20pair%3D%22USDTRY%22&diagnostics=true&env=store%3A%2F%2Fdatatables.org%2Falltableswithkeys
01:34:14 25/08/2017
INFO:Server returned HTTP response code: 400 for URL: https://query.yahooapis.com/v1/public/yql?q=SELECT%20*%20FROM%20yahoo.finance.xchange%20WHERE%20pair%3D%22EURTRY%22&diagnostics=true&env=store%3A%2F%2Fdatatables.org%2Falltableswithkeys
01:34:15 25/08/2017
INFO:Server returned HTTP response code: 400 for URL: https://query.yahooapis.com/v1/public/yql?q=SELECT%20*%20FROM%20yahoo.finance.xchange%20WHERE%20pair%3D%22GBPTRY%22&diagnostics=true&env=store%3A%2F%2Fdatatables.org%2Falltableswithkeys
01:34:15 25/08/2017
INFO:MainFrame created successfully.
01:34:15 25/08/2017
INFO:Login frame created successfully.
01:37:43 25/08/2017
INFO:User is : admin
01:37:45 25/08/2017
INFO:Server returned HTTP response code: 400 for URL: https://query.yahooapis.com/v1/public/yql?q=SELECT%20*%20FROM%20yahoo.finance.xchange%20WHERE%20pair%3D%22USDTRY%22&diagnostics=true&env=store%3A%2F%2Fdatatables.org%2Falltableswithkeys
01:37:46 25/08/2017
INFO:Server returned HTTP response code: 400 for URL: https://query.yahooapis.com/v1/public/yql?q=SELECT%20*%20FROM%20yahoo.finance.xchange%20WHERE%20pair%3D%22EURTRY%22&diagnostics=true&env=store%3A%2F%2Fdatatables.org%2Falltableswithkeys
01:37:46 25/08/2017
INFO:Server returned HTTP response code: 400 for URL: https://query.yahooapis.com/v1/public/yql?q=SELECT%20*%20FROM%20yahoo.finance.xchange%20WHERE%20pair%3D%22GBPTRY%22&diagnostics=true&env=store%3A%2F%2Fdatatables.org%2Falltableswithkeys
01:37:46 25/08/2017
INFO:MainFrame created successfully.
01:37:46 25/08/2017
INFO:Login frame created successfully.
01:43:12 25/08/2017
INFO:User is : admin
01:43:12 25/08/2017
INFO:Searching reservation with AGENCY REFERANCE NUMBER : 0000-IR
01:43:12 25/08/2017
INFO:Reservation not found!
01:43:24 25/08/2017
INFO:User is : admin
01:43:24 25/08/2017
INFO:Searching reservation by REFERANCE NO : jashda
01:43:24 25/08/2017
INFO:Reservation not found!
01:45:32 25/08/2017
INFO:User is : admin
01:45:34 25/08/2017
INFO:Server returned HTTP response code: 400 for URL: https://query.yahooapis.com/v1/public/yql?q=SELECT%20*%20FROM%20yahoo.finance.xchange%20WHERE%20pair%3D%22USDTRY%22&diagnostics=true&env=store%3A%2F%2Fdatatables.org%2Falltableswithkeys
01:45:34 25/08/2017
INFO:MainFrame created successfully.
01:45:34 25/08/2017
INFO:Login frame created successfully.
01:48:28 25/08/2017
INFO:[Blockade window] Required reservation found : Reservation [Id=4, groupName=JADE VOLUNTEER, checkinDate=2017-08-23, checkoutDate=2017-08-27, totalDays=4, agency=WEB, hostType=B.B, creditType=STANDART CUSTOMER CREDIT, bookStatus=GUARANTEE, note=, paymentStatus=false, theNumber=4005, isCheckedIn=NO, agencyRefNo=, referanceNo=00001-IR]
01:48:28 25/08/2017
INFO:User is : admin
01:48:28 25/08/2017
INFO:Reservation window is populated successfully.
02:01:09 25/08/2017
INFO:User is : admin
02:01:11 25/08/2017
INFO:Server returned HTTP response code: 400 for URL: https://query.yahooapis.com/v1/public/yql?q=SELECT%20*%20FROM%20yahoo.finance.xchange%20WHERE%20pair%3D%22USDTRY%22&diagnostics=true&env=store%3A%2F%2Fdatatables.org%2Falltableswithkeys
02:01:11 25/08/2017
INFO:Server returned HTTP response code: 400 for URL: https://query.yahooapis.com/v1/public/yql?q=SELECT%20*%20FROM%20yahoo.finance.xchange%20WHERE%20pair%3D%22EURTRY%22&diagnostics=true&env=store%3A%2F%2Fdatatables.org%2Falltableswithkeys
02:01:12 25/08/2017
INFO:Server returned HTTP response code: 400 for URL: https://query.yahooapis.com/v1/public/yql?q=SELECT%20*%20FROM%20yahoo.finance.xchange%20WHERE%20pair%3D%22GBPTRY%22&diagnostics=true&env=store%3A%2F%2Fdatatables.org%2Falltableswithkeys
02:01:12 25/08/2017
INFO:MainFrame created successfully.
02:01:12 25/08/2017
INFO:Login frame created successfully.
02:01:22 25/08/2017
INFO:[Blockade window] Required reservation found : Reservation [Id=4, groupName=JADE VOLUNTEER, checkinDate=2017-08-23, checkoutDate=2017-08-27, totalDays=4, agency=WEB, hostType=B.B, creditType=STANDART CUSTOMER CREDIT, bookStatus=GUARANTEE, note=, paymentStatus=false, theNumber=4005, isCheckedIn=NO, agencyRefNo=, referanceNo=00001-IR]
02:01:22 25/08/2017
INFO:User is : admin
02:01:22 25/08/2017
INFO:Reservation window is populated successfully.
02:02:00 25/08/2017
INFO:Adding payment in reservation.
02:07:48 25/08/2017
INFO:[Blockade window] Required reservation found : Reservation [Id=4, groupName=JADE VOLUNTEER, checkinDate=2017-08-23, checkoutDate=2017-08-27, totalDays=4, agency=WEB, hostType=B.B, creditType=STANDART CUSTOMER CREDIT, bookStatus=GUARANTEE, note=, paymentStatus=false, theNumber=4005, isCheckedIn=NO, agencyRefNo=, referanceNo=00001-IR]
02:07:48 25/08/2017
INFO:User is : admin
02:07:48 25/08/2017
INFO:Reservation window is populated successfully.
02:08:40 25/08/2017
INFO:Reservation details : Reservation [Id=0, groupName=JADE VOLUNTEER, checkinDate=2017-08-23, checkoutDate=2017-08-27, totalDays=4, agency=WEB, hostType=B.B, creditType=STANDART CUSTOMER CREDIT, bookStatus=GUARANTEE, note=, paymentStatus=false, theNumber=4005, isCheckedIn=NO, agencyRefNo=, referanceNo=00001-IR]
02:08:40 25/08/2017
INFO:Reservation room details : Room [theRoomId=32, number=4005, type=TWIN, price=0.0, totalPrice=0.0, balance=100.0, remaining debt=-100.0, currency=DOLLAR, cleaningStatus=DIRTY, usageStatus=BLOCKED, personCount=2, customerGrupName=JADE VOLUNTEER, ReservationId=5]
02:08:40 25/08/2017
INFO:Reservation customer(s) : Customer [CustomerId=10, FirstName=MALIKA, LastName=NINOS, Country=Finland, Document=null, DocumentNo=null, DateOfBirth=null, Gender=null, MaritalStatus=null, FatherName=null, MotherName=null, Email=null, Phone=null, ReservationId=5]
02:08:40 25/08/2017
INFO:New reservation saved successfully.
02:08:51 25/08/2017
INFO:[Blockade window] Required reservation found : Reservation [Id=4, groupName=JADE VOLUNTEER, checkinDate=2017-08-23, checkoutDate=2017-08-27, totalDays=4, agency=WEB, hostType=B.B, creditType=STANDART CUSTOMER CREDIT, bookStatus=GUARANTEE, note=, paymentStatus=false, theNumber=4005, isCheckedIn=NO, agencyRefNo=, referanceNo=00001-IR]
02:08:51 25/08/2017
INFO:User is : admin
02:08:51 25/08/2017
INFO:Reservation window is populated successfully.
02:17:54 25/08/2017
INFO:Adding payment in reservation.
02:19:53 25/08/2017
INFO:User is : admin
02:19:54 25/08/2017
INFO:Server returned HTTP response code: 400 for URL: https://query.yahooapis.com/v1/public/yql?q=SELECT%20*%20FROM%20yahoo.finance.xchange%20WHERE%20pair%3D%22USDTRY%22&diagnostics=true&env=store%3A%2F%2Fdatatables.org%2Falltableswithkeys
02:19:55 25/08/2017
INFO:Server returned HTTP response code: 400 for URL: https://query.yahooapis.com/v1/public/yql?q=SELECT%20*%20FROM%20yahoo.finance.xchange%20WHERE%20pair%3D%22EURTRY%22&diagnostics=true&env=store%3A%2F%2Fdatatables.org%2Falltableswithkeys
02:19:56 25/08/2017
INFO:Server returned HTTP response code: 400 for URL: https://query.yahooapis.com/v1/public/yql?q=SELECT%20*%20FROM%20yahoo.finance.xchange%20WHERE%20pair%3D%22GBPTRY%22&diagnostics=true&env=store%3A%2F%2Fdatatables.org%2Falltableswithkeys
02:19:56 25/08/2017
INFO:MainFrame created successfully.
02:19:56 25/08/2017
INFO:Login frame created successfully.
02:20:07 25/08/2017
INFO:[Blockade window] Required reservation found : Reservation [Id=4, groupName=JADE VOLUNTEER, checkinDate=2017-08-23, checkoutDate=2017-08-27, totalDays=4, agency=WEB, hostType=B.B, creditType=STANDART CUSTOMER CREDIT, bookStatus=GUARANTEE, note=, paymentStatus=false, theNumber=4005, isCheckedIn=NO, agencyRefNo=, referanceNo=00001-IR]
02:20:07 25/08/2017
INFO:User is : admin
02:20:21 25/08/2017
INFO:[Blockade window] Required reservation found : Reservation [Id=5, groupName=JADE VOLUNTEER, checkinDate=2017-08-23, checkoutDate=2017-08-27, totalDays=4, agency=WEB, hostType=B.B, creditType=STANDART CUSTOMER CREDIT, bookStatus=GUARANTEE, note=, paymentStatus=false, theNumber=4005, isCheckedIn=NO, agencyRefNo=, referanceNo=00001-IR]
02:20:21 25/08/2017
INFO:User is : admin
02:20:21 25/08/2017
INFO:Reservation window is populated successfully.
02:20:40 25/08/2017
INFO:Adding payment in reservation.
02:24:17 25/08/2017
INFO:[Blockade window] Required reservation found : Reservation [Id=4, groupName=JADE VOLUNTEER, checkinDate=2017-08-23, checkoutDate=2017-08-27, totalDays=4, agency=WEB, hostType=B.B, creditType=STANDART CUSTOMER CREDIT, bookStatus=GUARANTEE, note=, paymentStatus=false, theNumber=4005, isCheckedIn=NO, agencyRefNo=, referanceNo=00001-IR]
02:24:17 25/08/2017
INFO:User is : admin
02:24:17 25/08/2017
INFO:Reservation window is populated successfully.
02:28:52 25/08/2017
INFO:[Blockade window] Required reservation found : Reservation [Id=4, groupName=JADE VOLUNTEER, checkinDate=2017-08-23, checkoutDate=2017-08-27, totalDays=4, agency=WEB, hostType=B.B, creditType=STANDART CUSTOMER CREDIT, bookStatus=GUARANTEE, note=, paymentStatus=true, theNumber=4005, isCheckedIn=NO, agencyRefNo=, referanceNo=00001-IR]
02:28:52 25/08/2017
INFO:User is : admin
02:28:52 25/08/2017
INFO:Reservation window is populated successfully.
02:29:17 25/08/2017
INFO:Adding payment in reservation.
02:35:16 25/08/2017
INFO:User is : admin
02:35:18 25/08/2017
INFO:Server returned HTTP response code: 400 for URL: https://query.yahooapis.com/v1/public/yql?q=SELECT%20*%20FROM%20yahoo.finance.xchange%20WHERE%20pair%3D%22USDTRY%22&diagnostics=true&env=store%3A%2F%2Fdatatables.org%2Falltableswithkeys
02:35:19 25/08/2017
INFO:Server returned HTTP response code: 400 for URL: https://query.yahooapis.com/v1/public/yql?q=SELECT%20*%20FROM%20yahoo.finance.xchange%20WHERE%20pair%3D%22EURTRY%22&diagnostics=true&env=store%3A%2F%2Fdatatables.org%2Falltableswithkeys
02:35:19 25/08/2017
INFO:Server returned HTTP response code: 400 for URL: https://query.yahooapis.com/v1/public/yql?q=SELECT%20*%20FROM%20yahoo.finance.xchange%20WHERE%20pair%3D%22GBPTRY%22&diagnostics=true&env=store%3A%2F%2Fdatatables.org%2Falltableswithkeys
02:35:19 25/08/2017
INFO:MainFrame created successfully.
02:35:20 25/08/2017
INFO:Login frame created successfully.
02:35:28 25/08/2017
INFO:[Blockade window] Required reservation found : Reservation [Id=4, groupName=JADE VOLUNTEER, checkinDate=2017-08-23, checkoutDate=2017-08-27, totalDays=4, agency=WEB, hostType=B.B, creditType=STANDART CUSTOMER CREDIT, bookStatus=GUARANTEE, note=, paymentStatus=true, theNumber=4005, isCheckedIn=NO, agencyRefNo=, referanceNo=00001-IR]
02:35:28 25/08/2017
INFO:User is : admin
02:35:28 25/08/2017
INFO:Reservation window is populated successfully.
02:41:25 25/08/2017
INFO:[Blockade window] Required reservation found : Reservation [Id=4, groupName=JADE VOLUNTEER, checkinDate=2017-08-23, checkoutDate=2017-08-27, totalDays=4, agency=WEB, hostType=B.B, creditType=STANDART CUSTOMER CREDIT, bookStatus=GUARANTEE, note=, paymentStatus=true, theNumber=4005, isCheckedIn=NO, agencyRefNo=, referanceNo=00001-IR]
02:41:25 25/08/2017
INFO:User is : admin
02:41:25 25/08/2017
INFO:Reservation window is populated successfully.
02:42:47 25/08/2017
INFO:User is : admin
02:42:48 25/08/2017
INFO:Server returned HTTP response code: 400 for URL: https://query.yahooapis.com/v1/public/yql?q=SELECT%20*%20FROM%20yahoo.finance.xchange%20WHERE%20pair%3D%22USDTRY%22&diagnostics=true&env=store%3A%2F%2Fdatatables.org%2Falltableswithkeys
02:42:49 25/08/2017
INFO:Server returned HTTP response code: 400 for URL: https://query.yahooapis.com/v1/public/yql?q=SELECT%20*%20FROM%20yahoo.finance.xchange%20WHERE%20pair%3D%22EURTRY%22&diagnostics=true&env=store%3A%2F%2Fdatatables.org%2Falltableswithkeys
02:42:50 25/08/2017
INFO:MainFrame created successfully.
02:42:50 25/08/2017
INFO:Login frame created successfully.
02:43:01 25/08/2017
INFO:[Blockade window] Required reservation found : Reservation [Id=4, groupName=JADE VOLUNTEER, checkinDate=2017-08-23, checkoutDate=2017-08-27, totalDays=4, agency=WEB, hostType=B.B, creditType=STANDART CUSTOMER CREDIT, bookStatus=GUARANTEE, note=, paymentStatus=true, theNumber=4005, isCheckedIn=NO, agencyRefNo=, referanceNo=00001-IR]
02:43:01 25/08/2017
INFO:User is : admin
02:43:01 25/08/2017
INFO:Reservation window is populated successfully.
02:47:54 25/08/2017
INFO:User is : admin
02:47:56 25/08/2017
INFO:Server returned HTTP response code: 400 for URL: https://query.yahooapis.com/v1/public/yql?q=SELECT%20*%20FROM%20yahoo.finance.xchange%20WHERE%20pair%3D%22EURTRY%22&diagnostics=true&env=store%3A%2F%2Fdatatables.org%2Falltableswithkeys
02:47:56 25/08/2017
INFO:Server returned HTTP response code: 400 for URL: https://query.yahooapis.com/v1/public/yql?q=SELECT%20*%20FROM%20yahoo.finance.xchange%20WHERE%20pair%3D%22GBPTRY%22&diagnostics=true&env=store%3A%2F%2Fdatatables.org%2Falltableswithkeys
02:47:56 25/08/2017
INFO:MainFrame created successfully.
02:47:56 25/08/2017
INFO:Login frame created successfully.
02:48:01 25/08/2017
INFO:[Blockade window] Required reservation found : Reservation [Id=4, groupName=JADE VOLUNTEER, checkinDate=2017-08-23, checkoutDate=2017-08-27, totalDays=4, agency=WEB, hostType=B.B, creditType=STANDART CUSTOMER CREDIT, bookStatus=GUARANTEE, note=, paymentStatus=true, theNumber=4005, isCheckedIn=NO, agencyRefNo=, referanceNo=00001-IR]
02:48:01 25/08/2017
INFO:User is : admin
02:48:02 25/08/2017
INFO:Reservation window is populated successfully.
02:49:52 25/08/2017
INFO:[Blockade window] Required reservation found : Reservation [Id=4, groupName=JADE VOLUNTEER, checkinDate=2017-08-23, checkoutDate=2017-08-27, totalDays=4, agency=WEB, hostType=B.B, creditType=STANDART CUSTOMER CREDIT, bookStatus=GUARANTEE, note=, paymentStatus=true, theNumber=4005, isCheckedIn=NO, agencyRefNo=, referanceNo=00001-IR]
02:49:52 25/08/2017
INFO:User is : admin
02:49:52 25/08/2017
INFO:Reservation window is populated successfully.
03:01:16 25/08/2017
INFO:User is : admin
03:01:17 25/08/2017
INFO:Server returned HTTP response code: 400 for URL: https://query.yahooapis.com/v1/public/yql?q=SELECT%20*%20FROM%20yahoo.finance.xchange%20WHERE%20pair%3D%22USDTRY%22&diagnostics=true&env=store%3A%2F%2Fdatatables.org%2Falltableswithkeys
03:01:18 25/08/2017
INFO:Server returned HTTP response code: 400 for URL: https://query.yahooapis.com/v1/public/yql?q=SELECT%20*%20FROM%20yahoo.finance.xchange%20WHERE%20pair%3D%22GBPTRY%22&diagnostics=true&env=store%3A%2F%2Fdatatables.org%2Falltableswithkeys
03:01:18 25/08/2017
INFO:MainFrame created successfully.
03:01:18 25/08/2017
INFO:Login frame created successfully.
03:01:45 25/08/2017
INFO:[Blockade window] Required reservation found : Reservation [Id=4, groupName=JADE VOLUNTEER, checkinDate=2017-08-23, checkoutDate=2017-08-27, totalDays=4, agency=WEB, hostType=B.B, creditType=STANDART CUSTOMER CREDIT, bookStatus=GUARANTEE, note=, paymentStatus=true, theNumber=4005, isCheckedIn=NO, agencyRefNo=, referanceNo=00001-IR]
03:01:45 25/08/2017
INFO:User is : admin
03:01:45 25/08/2017
INFO:Reservation window is populated successfully.
03:02:14 25/08/2017
INFO:Reservation details : Reservation [Id=4, groupName=JADE VOLUNTEER, checkinDate=2017-08-23, checkoutDate=2017-08-27, totalDays=4, agency=WEB, hostType=B.B, creditType=STANDART CUSTOMER CREDIT, bookStatus=GUARANTEE, note=TEEHT BRUSH, paymentStatus=true, theNumber=4005, isCheckedIn=NO, agencyRefNo=, referanceNo=00001-IR]
03:02:14 25/08/2017
INFO:Reservation room details : Room [theRoomId=32, number=4005, type=TWIN, price=0.0, totalPrice=0.0, balance=150.0, remaining debt=-150.0, currency=DOLLAR, cleaningStatus=DIRTY, usageStatus=BLOCKED, personCount=2, customerGrupName=JADE VOLUNTEER, ReservationId=4]
03:03:26 25/08/2017
INFO:[Blockade window] Required reservation found : Reservation [Id=4, groupName=JADE VOLUNTEER, checkinDate=2017-08-23, checkoutDate=2017-08-27, totalDays=4, agency=WEB, hostType=B.B, creditType=STANDART CUSTOMER CREDIT, bookStatus=GUARANTEE, note=TEEHT BRUSH, paymentStatus=true, theNumber=4005, isCheckedIn=NO, agencyRefNo=, referanceNo=00001-IR]
03:03:26 25/08/2017
INFO:User is : admin
03:03:26 25/08/2017
INFO:Reservation window is populated successfully.
03:05:39 25/08/2017
INFO:New reservation creating cancelled.
03:08:29 25/08/2017
INFO:[Blockade window] Required reservation found : Reservation [Id=4, groupName=JADE VOLUNTEER, checkinDate=2017-08-23, checkoutDate=2017-08-27, totalDays=4, agency=WEB, hostType=B.B, creditType=STANDART CUSTOMER CREDIT, bookStatus=GUARANTEE, note=TEEHT BRUSH, paymentStatus=true, theNumber=4005, isCheckedIn=NO, agencyRefNo=, referanceNo=00001-IR]
03:08:29 25/08/2017
INFO:User is : admin
03:08:29 25/08/2017
INFO:Reservation window is populated successfully.
03:09:20 25/08/2017
INFO:[Blockade window] Required reservation found : Reservation [Id=4, groupName=JADE VOLUNTEER, checkinDate=2017-08-23, checkoutDate=2017-08-27, totalDays=4, agency=WEB, hostType=B.B, creditType=STANDART CUSTOMER CREDIT, bookStatus=GUARANTEE, note=TEEHT BRUSH, paymentStatus=true, theNumber=4005, isCheckedIn=NO, agencyRefNo=, referanceNo=00001-IR]
03:09:20 25/08/2017
INFO:User is : admin
03:09:20 25/08/2017
INFO:Reservation window is populated successfully.
03:09:35 25/08/2017
INFO:Reservation details : Reservation [Id=4, groupName=JADE VOLUNTEER, checkinDate=2017-08-23, checkoutDate=2017-08-27, totalDays=4, agency=WEB, hostType=B.B, creditType=STANDART CUSTOMER CREDIT, bookStatus=GUARANTEE, note=TEEHT BRUSH, paymentStatus=true, theNumber=4005, isCheckedIn=NO, agencyRefNo=, referanceNo=00001-IR]
03:09:35 25/08/2017
INFO:Reservation room details : Room [theRoomId=32, number=4005, type=TWIN, price=0.0, totalPrice=0.0, balance=150.0, remaining debt=-150.0, currency=DOLLAR, cleaningStatus=DIRTY, usageStatus=BLOCKED, personCount=2, customerGrupName=JADE VOLUNTEER, ReservationId=4]
03:10:28 25/08/2017
INFO:[Blockade window] Required reservation found : Reservation [Id=4, groupName=JADE VOLUNTEER, checkinDate=2017-08-23, checkoutDate=2017-08-27, totalDays=4, agency=WEB, hostType=B.B, creditType=STANDART CUSTOMER CREDIT, bookStatus=GUARANTEE, note=TEEHT BRUSH, paymentStatus=true, theNumber=4005, isCheckedIn=NO, agencyRefNo=, referanceNo=00001-IR]
03:10:28 25/08/2017
INFO:User is : admin
03:10:28 25/08/2017
INFO:Reservation window is populated successfully.
03:14:21 25/08/2017
INFO:Reservation details : Reservation [Id=4, groupName=JADE VOLUNTEER, checkinDate=2017-08-23, checkoutDate=2017-08-27, totalDays=4, agency=WEB, hostType=B.B, creditType=STANDART CUSTOMER CREDIT, bookStatus=GUARANTEE, note=TEEHT BRUSH, paymentStatus=true, theNumber=4005, isCheckedIn=NO, agencyRefNo=, referanceNo=00001-IR]
03:14:21 25/08/2017
INFO:Reservation room details : Room [theRoomId=32, number=4005, type=TWIN, price=0.0, totalPrice=0.0, balance=150.0, remaining debt=-150.0, currency=DOLLAR, cleaningStatus=DIRTY, usageStatus=BLOCKED, personCount=2, customerGrupName=JADE VOLUNTEER, ReservationId=4]
03:14:41 25/08/2017
INFO:User is : admin
03:14:43 25/08/2017
INFO:Server returned HTTP response code: 400 for URL: https://query.yahooapis.com/v1/public/yql?q=SELECT%20*%20FROM%20yahoo.finance.xchange%20WHERE%20pair%3D%22USDTRY%22&diagnostics=true&env=store%3A%2F%2Fdatatables.org%2Falltableswithkeys
03:14:44 25/08/2017
INFO:Server returned HTTP response code: 400 for URL: https://query.yahooapis.com/v1/public/yql?q=SELECT%20*%20FROM%20yahoo.finance.xchange%20WHERE%20pair%3D%22GBPTRY%22&diagnostics=true&env=store%3A%2F%2Fdatatables.org%2Falltableswithkeys
03:14:44 25/08/2017
INFO:MainFrame created successfully.
03:14:44 25/08/2017
INFO:Login frame created successfully.
03:14:49 25/08/2017
INFO:[Blockade window] Required reservation found : Reservation [Id=4, groupName=JADE VOLUNTEER, checkinDate=2017-08-23, checkoutDate=2017-08-27, totalDays=4, agency=WEB, hostType=B.B, creditType=STANDART CUSTOMER CREDIT, bookStatus=GUARANTEE, note=TEEHT BRUSH, paymentStatus=true, theNumber=4005, isCheckedIn=NO, agencyRefNo=, referanceNo=00001-IR]
03:14:49 25/08/2017
INFO:User is : admin
03:14:49 25/08/2017
INFO:Reservation window is populated successfully.
03:15:09 25/08/2017
INFO:Reservation details : Reservation [Id=4, groupName=JADE VOLUNTEER, checkinDate=2017-08-23, checkoutDate=2017-08-27, totalDays=4, agency=WEB, hostType=B.B, creditType=STANDART CUSTOMER CREDIT, bookStatus=GUARANTEE, note=TEEHT BRUSH, paymentStatus=true, theNumber=4005, isCheckedIn=NO, agencyRefNo=, referanceNo=00001-IR]
03:15:09 25/08/2017
INFO:Reservation room details : Room [theRoomId=32, number=4005, type=TWIN, price=350.0, totalPrice=1400.0, balance=150.0, remaining debt=1250.0, currency=DOLLAR, cleaningStatus=DIRTY, usageStatus=BLOCKED, personCount=2, customerGrupName=JADE VOLUNTEER, ReservationId=4]
03:16:24 25/08/2017
INFO:User is : admin
03:16:25 25/08/2017
INFO:Server returned HTTP response code: 400 for URL: https://query.yahooapis.com/v1/public/yql?q=SELECT%20*%20FROM%20yahoo.finance.xchange%20WHERE%20pair%3D%22USDTRY%22&diagnostics=true&env=store%3A%2F%2Fdatatables.org%2Falltableswithkeys
03:16:26 25/08/2017
INFO:Server returned HTTP response code: 400 for URL: https://query.yahooapis.com/v1/public/yql?q=SELECT%20*%20FROM%20yahoo.finance.xchange%20WHERE%20pair%3D%22EURTRY%22&diagnostics=true&env=store%3A%2F%2Fdatatables.org%2Falltableswithkeys
03:16:26 25/08/2017
INFO:Server returned HTTP response code: 400 for URL: https://query.yahooapis.com/v1/public/yql?q=SELECT%20*%20FROM%20yahoo.finance.xchange%20WHERE%20pair%3D%22GBPTRY%22&diagnostics=true&env=store%3A%2F%2Fdatatables.org%2Falltableswithkeys
03:16:26 25/08/2017
INFO:MainFrame created successfully.
03:16:27 25/08/2017
INFO:Login frame created successfully.
03:16:36 25/08/2017
INFO:[Blockade window] Required reservation found : Reservation [Id=4, groupName=JADE VOLUNTEER, checkinDate=2017-08-23, checkoutDate=2017-08-27, totalDays=4, agency=WEB, hostType=B.B, creditType=STANDART CUSTOMER CREDIT, bookStatus=GUARANTEE, note=TEEHT BRUSH, paymentStatus=true, theNumber=4005, isCheckedIn=NO, agencyRefNo=, referanceNo=00001-IR]
03:16:36 25/08/2017
INFO:User is : admin
03:16:36 25/08/2017
INFO:Reservation window is populated successfully.
03:16:49 25/08/2017
INFO:Reservation details : Reservation [Id=4, groupName=JADE VOLUNTEER, checkinDate=2017-08-23, checkoutDate=2017-08-27, totalDays=4, agency=WEB, hostType=B.B, creditType=STANDART CUSTOMER CREDIT, bookStatus=GUARANTEE, note=TEEHT BRUSH, paymentStatus=true, theNumber=4005, isCheckedIn=NO, agencyRefNo=, referanceNo=00001-IR]
03:16:49 25/08/2017
INFO:Reservation room details : Room [theRoomId=32, number=4005, type=TWIN, price=350.0, totalPrice=1400.0, balance=150.0, remaining debt=1250.0, currency=DOLLAR, cleaningStatus=DIRTY, usageStatus=BLOCKED, personCount=2, customerGrupName=JADE VOLUNTEER, ReservationId=4]
03:17:48 25/08/2017
INFO:Server returned HTTP response code: 400 for URL: https://query.yahooapis.com/v1/public/yql?q=SELECT%20*%20FROM%20yahoo.finance.xchange%20WHERE%20pair%3D%22EURTRY%22&diagnostics=true&env=store%3A%2F%2Fdatatables.org%2Falltableswithkeys
03:17:50 25/08/2017
INFO:Adding payment in reservation.
03:18:15 25/08/2017
INFO:Reservation details : Reservation [Id=4, groupName=JADE VOLUNTEER, checkinDate=2017-08-23, checkoutDate=2017-08-27, totalDays=4, agency=WEB, hostType=B.B, creditType=STANDART CUSTOMER CREDIT, bookStatus=GUARANTEE, note=TEEHT BRUSH, paymentStatus=true, theNumber=5003, isCheckedIn=NO, agencyRefNo=, referanceNo=00001-IR]
03:18:15 25/08/2017
INFO:Reservation room details : Room [theRoomId=15, number=5003, type=DOUBLE, price=350.0, totalPrice=1400.0, balance=0.0, remaining debt=1400.0, currency=DOLLAR, cleaningStatus=DIRTY, usageStatus=BLOCKED, personCount=1, customerGrupName=JADE VOLUNTEER, ReservationId=0]
03:18:47 25/08/2017
INFO:[Blockade window] Required reservation found : Reservation [Id=4, groupName=JADE VOLUNTEER, checkinDate=2017-08-23, checkoutDate=2017-08-27, totalDays=4, agency=WEB, hostType=B.B, creditType=STANDART CUSTOMER CREDIT, bookStatus=GUARANTEE, note=TEEHT BRUSH, paymentStatus=true, theNumber=5003, isCheckedIn=NO, agencyRefNo=, referanceNo=00001-IR]
03:18:47 25/08/2017
INFO:User is : admin
03:18:48 25/08/2017
INFO:Reservation window is populated successfully.
03:21:19 25/08/2017
INFO:User is : admin
03:21:21 25/08/2017
INFO:Server returned HTTP response code: 400 for URL: https://query.yahooapis.com/v1/public/yql?q=SELECT%20*%20FROM%20yahoo.finance.xchange%20WHERE%20pair%3D%22USDTRY%22&diagnostics=true&env=store%3A%2F%2Fdatatables.org%2Falltableswithkeys
03:21:21 25/08/2017
INFO:Server returned HTTP response code: 400 for URL: https://query.yahooapis.com/v1/public/yql?q=SELECT%20*%20FROM%20yahoo.finance.xchange%20WHERE%20pair%3D%22EURTRY%22&diagnostics=true&env=store%3A%2F%2Fdatatables.org%2Falltableswithkeys
03:21:22 25/08/2017
INFO:Server returned HTTP response code: 400 for URL: https://query.yahooapis.com/v1/public/yql?q=SELECT%20*%20FROM%20yahoo.finance.xchange%20WHERE%20pair%3D%22GBPTRY%22&diagnostics=true&env=store%3A%2F%2Fdatatables.org%2Falltableswithkeys
03:21:22 25/08/2017
INFO:MainFrame created successfully.
03:21:22 25/08/2017
INFO:Login frame created successfully.
03:21:29 25/08/2017
INFO:[Blockade window] Required reservation found : Reservation [Id=4, groupName=JADE VOLUNTEER, checkinDate=2017-08-23, checkoutDate=2017-08-27, totalDays=4, agency=WEB, hostType=B.B, creditType=STANDART CUSTOMER CREDIT, bookStatus=GUARANTEE, note=TEEHT BRUSH, paymentStatus=true, theNumber=5003, isCheckedIn=NO, agencyRefNo=, referanceNo=00001-IR]
03:21:29 25/08/2017
INFO:User is : admin
03:21:29 25/08/2017
INFO:Reservation window is populated successfully.
03:21:49 25/08/2017
INFO:Reservation details : Reservation [Id=4, groupName=JADE VOLUNTEER, checkinDate=2017-08-23, checkoutDate=2017-08-28, totalDays=5, agency=WEB, hostType=B.B, creditType=STANDART CUSTOMER CREDIT, bookStatus=GUARANTEE, note=TEEHT BRUSH, paymentStatus=true, theNumber=4005, isCheckedIn=NO, agencyRefNo=, referanceNo=00001-IR]
03:22:45 25/08/2017
INFO:User is : admin
03:22:46 25/08/2017
INFO:Server returned HTTP response code: 400 for URL: https://query.yahooapis.com/v1/public/yql?q=SELECT%20*%20FROM%20yahoo.finance.xchange%20WHERE%20pair%3D%22USDTRY%22&diagnostics=true&env=store%3A%2F%2Fdatatables.org%2Falltableswithkeys
03:22:47 25/08/2017
INFO:Server returned HTTP response code: 400 for URL: https://query.yahooapis.com/v1/public/yql?q=SELECT%20*%20FROM%20yahoo.finance.xchange%20WHERE%20pair%3D%22GBPTRY%22&diagnostics=true&env=store%3A%2F%2Fdatatables.org%2Falltableswithkeys
03:22:47 25/08/2017
INFO:MainFrame created successfully.
03:22:47 25/08/2017
INFO:Login frame created successfully.
03:22:54 25/08/2017
INFO:[Blockade window] Required reservation found : Reservation [Id=4, groupName=JADE VOLUNTEER, checkinDate=2017-08-23, checkoutDate=2017-08-28, totalDays=5, agency=WEB, hostType=B.B, creditType=STANDART CUSTOMER CREDIT, bookStatus=GUARANTEE, note=TEEHT BRUSH, paymentStatus=true, theNumber=4005, isCheckedIn=NO, agencyRefNo=, referanceNo=00001-IR]
03:22:54 25/08/2017
INFO:User is : admin
03:22:54 25/08/2017
INFO:Reservation window is populated successfully.
03:23:11 25/08/2017
INFO:Reservation details : Reservation [Id=4, groupName=JADE VOLUNTEER, checkinDate=2017-08-23, checkoutDate=2017-08-28, totalDays=5, agency=WEB, hostType=B.B, creditType=STANDART CUSTOMER CREDIT, bookStatus=GUARANTEE, note=TEEHT BRUSH, paymentStatus=true, theNumber=4005, isCheckedIn=NO, agencyRefNo=, referanceNo=00002-IR]
03:23:11 25/08/2017
INFO:Reservation room details : Room [theRoomId=32, number=4005, type=TWIN, price=350.0, totalPrice=1750.0, balance=150.0, remaining debt=1600.0, currency=DOLLAR, cleaningStatus=DIRTY, usageStatus=BLOCKED, personCount=2, customerGrupName=JADE VOLUNTEER, ReservationId=4]
03:23:19 25/08/2017
INFO:[Blockade window] Required reservation found : Reservation [Id=4, groupName=JADE VOLUNTEER, checkinDate=2017-08-23, checkoutDate=2017-08-28, totalDays=5, agency=WEB, hostType=B.B, creditType=STANDART CUSTOMER CREDIT, bookStatus=GUARANTEE, note=TEEHT BRUSH, paymentStatus=true, theNumber=4005, isCheckedIn=NO, agencyRefNo=, referanceNo=00002-IR]
03:23:19 25/08/2017
INFO:User is : admin
03:23:19 25/08/2017
INFO:Reservation window is populated successfully.
03:25:07 25/08/2017
INFO:User is : admin
03:25:08 25/08/2017
INFO:Server returned HTTP response code: 400 for URL: https://query.yahooapis.com/v1/public/yql?q=SELECT%20*%20FROM%20yahoo.finance.xchange%20WHERE%20pair%3D%22USDTRY%22&diagnostics=true&env=store%3A%2F%2Fdatatables.org%2Falltableswithkeys
03:25:09 25/08/2017
INFO:Server returned HTTP response code: 400 for URL: https://query.yahooapis.com/v1/public/yql?q=SELECT%20*%20FROM%20yahoo.finance.xchange%20WHERE%20pair%3D%22EURTRY%22&diagnostics=true&env=store%3A%2F%2Fdatatables.org%2Falltableswithkeys
03:25:10 25/08/2017
INFO:MainFrame created successfully.
03:25:10 25/08/2017
INFO:Login frame created successfully.
03:25:17 25/08/2017
INFO:[Blockade window] Required reservation found : Reservation [Id=4, groupName=JADE VOLUNTEER, checkinDate=2017-08-23, checkoutDate=2017-08-28, totalDays=5, agency=WEB, hostType=B.B, creditType=STANDART CUSTOMER CREDIT, bookStatus=GUARANTEE, note=TEEHT BRUSH, paymentStatus=true, theNumber=4005, isCheckedIn=NO, agencyRefNo=, referanceNo=00002-IR]
03:25:17 25/08/2017
INFO:User is : admin
03:25:17 25/08/2017
INFO:Reservation window is populated successfully.
03:25:36 25/08/2017
INFO:Reservation details : Reservation [Id=4, groupName=JADE VOLUNTEER, checkinDate=2017-08-23, checkoutDate=2017-08-27, totalDays=4, agency=WEB, hostType=B.B, creditType=STANDART CUSTOMER CREDIT, bookStatus=GUARANTEE, note=TEEHT BRUSH, paymentStatus=true, theNumber=4005, isCheckedIn=NO, agencyRefNo=, referanceNo=00002-IR]
03:25:36 25/08/2017
INFO:Reservation room details : Room [theRoomId=32, number=4005, type=TWIN, price=350.0, totalPrice=1400.0, balance=150.0, remaining debt=1250.0, currency=DOLLAR, cleaningStatus=DIRTY, usageStatus=BLOCKED, personCount=2, customerGrupName=JADE VOLUNTEER, ReservationId=4]
03:25:42 25/08/2017
INFO:[Blockade window] Required reservation found : Reservation [Id=4, groupName=JADE VOLUNTEER, checkinDate=2017-08-23, checkoutDate=2017-08-27, totalDays=4, agency=WEB, hostType=B.B, creditType=STANDART CUSTOMER CREDIT, bookStatus=GUARANTEE, note=TEEHT BRUSH, paymentStatus=true, theNumber=4005, isCheckedIn=NO, agencyRefNo=, referanceNo=00002-IR]
03:25:42 25/08/2017
INFO:User is : admin
03:25:42 25/08/2017
INFO:Reservation window is populated successfully.
03:32:17 25/08/2017
INFO:User is : admin
03:32:18 25/08/2017
INFO:Server returned HTTP response code: 400 for URL: https://query.yahooapis.com/v1/public/yql?q=SELECT%20*%20FROM%20yahoo.finance.xchange%20WHERE%20pair%3D%22USDTRY%22&diagnostics=true&env=store%3A%2F%2Fdatatables.org%2Falltableswithkeys
03:32:19 25/08/2017
INFO:Server returned HTTP response code: 400 for URL: https://query.yahooapis.com/v1/public/yql?q=SELECT%20*%20FROM%20yahoo.finance.xchange%20WHERE%20pair%3D%22EURTRY%22&diagnostics=true&env=store%3A%2F%2Fdatatables.org%2Falltableswithkeys
03:32:20 25/08/2017
INFO:Server returned HTTP response code: 400 for URL: https://query.yahooapis.com/v1/public/yql?q=SELECT%20*%20FROM%20yahoo.finance.xchange%20WHERE%20pair%3D%22GBPTRY%22&diagnostics=true&env=store%3A%2F%2Fdatatables.org%2Falltableswithkeys
03:32:20 25/08/2017
INFO:MainFrame created successfully.
03:32:20 25/08/2017
INFO:Login frame created successfully.
03:32:44 25/08/2017
INFO:[Blockade window] Required reservation found : Reservation [Id=4, groupName=JADE VOLUNTEER, checkinDate=2017-08-23, checkoutDate=2017-08-27, totalDays=4, agency=WEB, hostType=B.B, creditType=STANDART CUSTOMER CREDIT, bookStatus=GUARANTEE, note=TEEHT BRUSH, paymentStatus=true, theNumber=4005, isCheckedIn=NO, agencyRefNo=, referanceNo=00002-IR]
03:32:44 25/08/2017
INFO:User is : admin
03:32:45 25/08/2017
INFO:Reservation window is populated successfully.
03:32:54 25/08/2017
INFO:New reservation creating cancelled.
03:35:20 25/08/2017
INFO:[Blockade window] Required reservation found : Reservation [Id=4, groupName=JADE VOLUNTEER, checkinDate=2017-08-23, checkoutDate=2017-08-27, totalDays=4, agency=WEB, hostType=B.B, creditType=STANDART CUSTOMER CREDIT, bookStatus=GUARANTEE, note=TEEHT BRUSH, paymentStatus=true, theNumber=4005, isCheckedIn=NO, agencyRefNo=, referanceNo=00002-IR]
03:35:20 25/08/2017
INFO:User is : admin
03:35:20 25/08/2017
INFO:Reservation window is populated successfully.
03:40:29 25/08/2017
INFO:User is : admin
03:40:30 25/08/2017
INFO:Server returned HTTP response code: 400 for URL: https://query.yahooapis.com/v1/public/yql?q=SELECT%20*%20FROM%20yahoo.finance.xchange%20WHERE%20pair%3D%22USDTRY%22&diagnostics=true&env=store%3A%2F%2Fdatatables.org%2Falltableswithkeys
03:40:31 25/08/2017
INFO:Server returned HTTP response code: 400 for URL: https://query.yahooapis.com/v1/public/yql?q=SELECT%20*%20FROM%20yahoo.finance.xchange%20WHERE%20pair%3D%22EURTRY%22&diagnostics=true&env=store%3A%2F%2Fdatatables.org%2Falltableswithkeys
03:40:31 25/08/2017
INFO:Server returned HTTP response code: 400 for URL: https://query.yahooapis.com/v1/public/yql?q=SELECT%20*%20FROM%20yahoo.finance.xchange%20WHERE%20pair%3D%22GBPTRY%22&diagnostics=true&env=store%3A%2F%2Fdatatables.org%2Falltableswithkeys
03:40:31 25/08/2017
INFO:MainFrame created successfully.
03:40:31 25/08/2017
INFO:Login frame created successfully.
03:40:39 25/08/2017
INFO:[Blockade window] Required reservation found : Reservation [Id=4, groupName=JADE VOLUNTEER, checkinDate=2017-08-23, checkoutDate=2017-08-27, totalDays=4, agency=WEB, hostType=B.B, creditType=STANDART CUSTOMER CREDIT, bookStatus=GUARANTEE, note=TEEHT BRUSH, paymentStatus=true, theNumber=4005, isCheckedIn=NO, agencyRefNo=, referanceNo=00002-IR]
03:40:39 25/08/2017
INFO:User is : admin
03:40:40 25/08/2017
INFO:Reservation window is populated successfully.
03:40:50 25/08/2017
INFO:Reservation details : Reservation [Id=4, groupName=JADE VOLUNTEER, checkinDate=2017-08-23, checkoutDate=2017-08-27, totalDays=4, agency=WEB, hostType=B.B, creditType=STANDART CUSTOMER CREDIT, bookStatus=CANCEL, note=TEEHT BRUSH, paymentStatus=true, theNumber=4005, isCheckedIn=NO, agencyRefNo=, referanceNo=00002-IR]
03:41:23 25/08/2017
INFO:New reservation creating cancelled.
03:42:54 25/08/2017
INFO:User is : admin
03:42:55 25/08/2017
INFO:Server returned HTTP response code: 400 for URL: https://query.yahooapis.com/v1/public/yql?q=SELECT%20*%20FROM%20yahoo.finance.xchange%20WHERE%20pair%3D%22USDTRY%22&diagnostics=true&env=store%3A%2F%2Fdatatables.org%2Falltableswithkeys
03:42:56 25/08/2017
INFO:Server returned HTTP response code: 400 for URL: https://query.yahooapis.com/v1/public/yql?q=SELECT%20*%20FROM%20yahoo.finance.xchange%20WHERE%20pair%3D%22EURTRY%22&diagnostics=true&env=store%3A%2F%2Fdatatables.org%2Falltableswithkeys
03:42:57 25/08/2017
INFO:Server returned HTTP response code: 400 for URL: https://query.yahooapis.com/v1/public/yql?q=SELECT%20*%20FROM%20yahoo.finance.xchange%20WHERE%20pair%3D%22GBPTRY%22&diagnostics=true&env=store%3A%2F%2Fdatatables.org%2Falltableswithkeys
03:42:57 25/08/2017
INFO:MainFrame created successfully.
03:42:57 25/08/2017
INFO:Login frame created successfully.
03:43:02 25/08/2017
INFO:[Blockade window] Required reservation found : Reservation [Id=4, groupName=JADE VOLUNTEER, checkinDate=2017-08-23, checkoutDate=2017-08-27, totalDays=4, agency=WEB, hostType=B.B, creditType=STANDART CUSTOMER CREDIT, bookStatus=GUARANTEE, note=TEEHT BRUSH, paymentStatus=true, theNumber=4005, isCheckedIn=NO, agencyRefNo=, referanceNo=00002-IR]
03:43:02 25/08/2017
INFO:User is : admin
03:43:03 25/08/2017
INFO:Reservation window is populated successfully.
03:43:11 25/08/2017
INFO:Reservation details : Reservation [Id=4, groupName=JADE VOLUNTEER, checkinDate=2017-08-23, checkoutDate=2017-08-27, totalDays=4, agency=WEB, hostType=B.B, creditType=STANDART CUSTOMER CREDIT, bookStatus=CANCEL, note=TEEHT BRUSH, paymentStatus=true, theNumber=4005, isCheckedIn=NO, agencyRefNo=, referanceNo=00002-IR]
03:51:11 25/08/2017
INFO:User is : admin
03:51:13 25/08/2017
INFO:Server returned HTTP response code: 400 for URL: https://query.yahooapis.com/v1/public/yql?q=SELECT%20*%20FROM%20yahoo.finance.xchange%20WHERE%20pair%3D%22USDTRY%22&diagnostics=true&env=store%3A%2F%2Fdatatables.org%2Falltableswithkeys
03:51:13 25/08/2017
INFO:MainFrame created successfully.
03:51:14 25/08/2017
INFO:Login frame created successfully.
03:51:23 25/08/2017
INFO:[Blockade window] Required reservation found : Reservation [Id=4, groupName=JADE VOLUNTEER, checkinDate=2017-08-23, checkoutDate=2017-08-27, totalDays=4, agency=WEB, hostType=B.B, creditType=STANDART CUSTOMER CREDIT, bookStatus=GUARANTEE, note=TEEHT BRUSH, paymentStatus=true, theNumber=4005, isCheckedIn=NO, agencyRefNo=, referanceNo=00002-IR]
03:51:23 25/08/2017
INFO:User is : admin
03:51:23 25/08/2017
INFO:Reservation window is populated successfully.
03:51:33 25/08/2017
INFO:Reservation details : Reservation [Id=4, groupName=JADE VOLUNTEER, checkinDate=2017-08-23, checkoutDate=2017-08-27, totalDays=4, agency=WEB, hostType=B.B, creditType=STANDART CUSTOMER CREDIT, bookStatus=CANCEL, note=TEEHT BRUSH, paymentStatus=true, theNumber=4005, isCheckedIn=NO, agencyRefNo=, referanceNo=00002-IR]
03:52:41 25/08/2017
INFO:[Blockade window] Required reservation found : Reservation [Id=2, groupName=OMAR HUSSEIN ABDALLA, checkinDate=2017-08-22, checkoutDate=2017-08-25, totalDays=3, agency=OTHER, hostType=B.B, creditType=STANDART CUSTOMER CREDIT, bookStatus=GUARANTEE, note=TWIN, NON SMOKING ROOM
, paymentStatus=true, theNumber=1004, isCheckedIn=NO, agencyRefNo=8812, referanceNo=]
03:52:41 25/08/2017
INFO:User is : admin
