04:08:37 30/11/2017
INFO:UserDaoImpl : checking credentials...
04:08:37 30/11/2017
INFO:User is : admin
04:08:39 30/11/2017
INFO:MainFrame created successfully.
04:08:44 30/11/2017
INFO:CompanyDaoImpl -> fetching all companies...
04:08:59 30/11/2017
INFO:CompanyDaoImpl -> fetching all companies...
04:10:39 30/11/2017
INFO:UserDaoImpl : checking credentials...
04:10:39 30/11/2017
INFO:User is : admin
04:10:39 30/11/2017
INFO:MainFrame created successfully.
04:10:44 30/11/2017
INFO:CompanyDaoImpl -> fetching all companies...
04:16:51 30/11/2017
INFO:UserDaoImpl : checking credentials...
04:16:51 30/11/2017
INFO:User is : admin
04:16:52 30/11/2017
INFO:MainFrame created successfully.
04:16:59 30/11/2017
INFO:CompanyDaoImpl -> fetching all companies...
04:20:14 30/11/2017
INFO:CompanyDaoImpl Error -> could not execute statement
04:46:50 30/11/2017
INFO:UserDaoImpl : checking credentials...
04:46:50 30/11/2017
INFO:User is : admin
04:46:54 30/11/2017
INFO:MainFrame created successfully.
04:46:58 30/11/2017
INFO:CompanyDaoImpl -> fetching all companies...
04:48:46 30/11/2017
INFO:CompanyDaoImpl -> saving company...
04:48:57 30/11/2017
INFO:CompanyDaoImpl -> fetching all companies...
04:49:33 30/11/2017
INFO:CompanyDaoImpl -> fetching by name :Coder Travel Tourism
04:54:21 30/11/2017
INFO:UserDaoImpl : checking credentials...
04:54:30 30/11/2017
INFO:UserDaoImpl : checking credentials...
04:54:30 30/11/2017
INFO:User is : admin
04:54:31 30/11/2017
INFO:MainFrame created successfully.
05:10:18 30/11/2017
INFO:UserDaoImpl : checking credentials...
05:10:18 30/11/2017
INFO:User is : admin
05:10:19 30/11/2017
INFO:MainFrame created successfully.
05:12:27 30/11/2017
INFO:UserDaoImpl : checking credentials...
05:12:27 30/11/2017
INFO:User is : admin
05:12:28 30/11/2017
INFO:MainFrame created successfully.
05:12:31 30/11/2017
INFO:CompanyDaoImpl -> fetching all companies...
05:14:30 30/11/2017
INFO:CompanyDaoImpl -> saving company...
05:14:39 30/11/2017
INFO:CompanyDaoImpl -> fetching all companies...
05:14:53 30/11/2017
INFO:CompanyDaoImpl -> fetching by name :Coder Travel Tourism
05:19:48 30/11/2017
INFO:UserDaoImpl : checking credentials...
05:19:48 30/11/2017
INFO:User is : admin
05:19:49 30/11/2017
INFO:MainFrame created successfully.
05:19:52 30/11/2017
INFO:CompanyDaoImpl -> fetching all companies...
05:19:56 30/11/2017
INFO:CompanyDaoImpl -> fetching by name :Coder Travel Tourism
05:32:53 30/11/2017
INFO:UserDaoImpl : checking credentials...
05:32:53 30/11/2017
INFO:User is : admin
05:32:53 30/11/2017
INFO:MainFrame created successfully.
05:33:02 30/11/2017
INFO:CompanyDaoImpl -> fetching all companies...
05:33:13 30/11/2017
INFO:CompanyDaoImpl -> fetching by name :Coder Travel Tourism
05:33:13 30/11/2017
INFO:CompanyDaoImpl -> fetching all companies...
05:38:35 30/11/2017
INFO:UserDaoImpl : checking credentials...
05:38:35 30/11/2017
INFO:User is : admin
05:38:36 30/11/2017
INFO:MainFrame created successfully.
05:38:39 30/11/2017
INFO:CompanyDaoImpl -> fetching all companies...
05:39:19 30/11/2017
INFO:CompanyDaoImpl -> fetching by name :Coder Travel Tourism
05:39:19 30/11/2017
INFO:CompanyDaoImpl -> fetching all companies...
05:39:50 30/11/2017
INFO:CompanyDaoImpl -> saving company...
05:39:56 30/11/2017
INFO:CompanyDaoImpl -> fetching by name :Coder Travel Tourism
05:39:56 30/11/2017
INFO:CompanyDaoImpl -> fetching all companies...
05:40:19 30/11/2017
INFO:CompanyDaoImpl -> fetching all companies...
05:47:55 30/11/2017
INFO:UserDaoImpl : checking credentials...
05:47:55 30/11/2017
INFO:User is : admin
05:47:56 30/11/2017
INFO:MainFrame created successfully.
05:48:01 30/11/2017
INFO:CompanyDaoImpl -> fetching all companies...
05:48:05 30/11/2017
INFO:CompanyDaoImpl -> fetching by name :Coder Travel Tourism
05:48:05 30/11/2017
INFO:CompanyDaoImpl -> fetching all companies...
05:48:17 30/11/2017
INFO:CompanyDaoImpl -> fetching by name :Coder Travel Tourism
05:48:17 30/11/2017
INFO:CompanyDaoImpl -> fetching all companies...
05:56:38 30/11/2017
INFO:UserDaoImpl : checking credentials...
05:56:38 30/11/2017
INFO:User is : admin
05:56:39 30/11/2017
INFO:MainFrame created successfully.
05:56:44 30/11/2017
INFO:HotelSystemStatusImpl -> fetching system status...
05:56:44 30/11/2017
INFO:RoomDaoImpl -> fetching all rooms...
05:56:44 30/11/2017
INFO:ReservationDaoImpl -> fetching reservation by Id...
05:56:44 30/11/2017
INFO:ReservationDaoImpl -> fetching reservation by Id...
05:56:44 30/11/2017
INFO:ReservationDaoImpl -> fetching reservation by Id...
05:56:44 30/11/2017
INFO:ReservationDaoImpl -> fetching reservation by Id...
05:56:44 30/11/2017
INFO:ReservationDaoImpl -> fetching reservation by Id...
05:56:44 30/11/2017
INFO:ReservationDaoImpl -> fetching reservation by Id...
05:56:50 30/11/2017
INFO:CompanyDaoImpl -> fetching all companies...
05:57:01 30/11/2017
INFO:CompanyDaoImpl -> fetching by name :Coder Travel Tourism
06:01:26 30/11/2017
INFO:UserDaoImpl : checking credentials...
06:01:26 30/11/2017
INFO:User is : admin
06:01:27 30/11/2017
INFO:MainFrame created successfully.
06:01:30 30/11/2017
INFO:CompanyDaoImpl -> fetching all companies...
06:01:36 30/11/2017
INFO:CompanyDaoImpl -> deleting company...
06:01:36 30/11/2017
INFO:CompanyDaoImpl -> fetching all companies...
06:01:40 30/11/2017
INFO:CompanyDaoImpl -> fetching by name :Coder Travel Tourism
06:01:40 30/11/2017
INFO:CompanyDaoImpl -> fetching all companies...
06:02:20 30/11/2017
INFO:ReservationDaoImpl -> fetching all reservations...
06:02:26 30/11/2017
INFO:CompanyDaoImpl -> fetching all companies...
