01:24:13 26/08/2017
INFO:User is : admin
01:24:15 26/08/2017
INFO:Server returned HTTP response code: 400 for URL: https://query.yahooapis.com/v1/public/yql?q=SELECT%20*%20FROM%20yahoo.finance.xchange%20WHERE%20pair%3D%22USDTRY%22&diagnostics=true&env=store%3A%2F%2Fdatatables.org%2Falltableswithkeys
01:24:15 26/08/2017
INFO:Server returned HTTP response code: 400 for URL: https://query.yahooapis.com/v1/public/yql?q=SELECT%20*%20FROM%20yahoo.finance.xchange%20WHERE%20pair%3D%22EURTRY%22&diagnostics=true&env=store%3A%2F%2Fdatatables.org%2Falltableswithkeys
01:24:16 26/08/2017
INFO:Server returned HTTP response code: 400 for URL: https://query.yahooapis.com/v1/public/yql?q=SELECT%20*%20FROM%20yahoo.finance.xchange%20WHERE%20pair%3D%22GBPTRY%22&diagnostics=true&env=store%3A%2F%2Fdatatables.org%2Falltableswithkeys
01:24:16 26/08/2017
INFO:MainFrame created successfully.
01:24:16 26/08/2017
INFO:Login frame created successfully.
01:28:35 26/08/2017
INFO:User is : admin
01:28:37 26/08/2017
INFO:Server returned HTTP response code: 400 for URL: https://query.yahooapis.com/v1/public/yql?q=SELECT%20*%20FROM%20yahoo.finance.xchange%20WHERE%20pair%3D%22USDTRY%22&diagnostics=true&env=store%3A%2F%2Fdatatables.org%2Falltableswithkeys
01:28:37 26/08/2017
INFO:Server returned HTTP response code: 400 for URL: https://query.yahooapis.com/v1/public/yql?q=SELECT%20*%20FROM%20yahoo.finance.xchange%20WHERE%20pair%3D%22EURTRY%22&diagnostics=true&env=store%3A%2F%2Fdatatables.org%2Falltableswithkeys
01:28:38 26/08/2017
INFO:Server returned HTTP response code: 400 for URL: https://query.yahooapis.com/v1/public/yql?q=SELECT%20*%20FROM%20yahoo.finance.xchange%20WHERE%20pair%3D%22GBPTRY%22&diagnostics=true&env=store%3A%2F%2Fdatatables.org%2Falltableswithkeys
01:28:38 26/08/2017
INFO:MainFrame created successfully.
01:28:38 26/08/2017
INFO:Login frame created successfully.
01:42:41 26/08/2017
INFO:User is : admin
01:42:48 26/08/2017
INFO:Login frame created successfully.
01:43:22 26/08/2017
INFO:User is : admin
01:43:23 26/08/2017
INFO:Server returned HTTP response code: 400 for URL: https://query.yahooapis.com/v1/public/yql?q=SELECT%20*%20FROM%20yahoo.finance.xchange%20WHERE%20pair%3D%22USDTRY%22&diagnostics=true&env=store%3A%2F%2Fdatatables.org%2Falltableswithkeys
01:43:24 26/08/2017
INFO:Server returned HTTP response code: 400 for URL: https://query.yahooapis.com/v1/public/yql?q=SELECT%20*%20FROM%20yahoo.finance.xchange%20WHERE%20pair%3D%22GBPTRY%22&diagnostics=true&env=store%3A%2F%2Fdatatables.org%2Falltableswithkeys
01:43:24 26/08/2017
INFO:MainFrame created successfully.
01:43:25 26/08/2017
INFO:Login frame created successfully.
01:45:26 26/08/2017
INFO:User is : admin
01:45:27 26/08/2017
INFO:Server returned HTTP response code: 400 for URL: https://query.yahooapis.com/v1/public/yql?q=SELECT%20*%20FROM%20yahoo.finance.xchange%20WHERE%20pair%3D%22USDTRY%22&diagnostics=true&env=store%3A%2F%2Fdatatables.org%2Falltableswithkeys
01:45:28 26/08/2017
INFO:Server returned HTTP response code: 400 for URL: https://query.yahooapis.com/v1/public/yql?q=SELECT%20*%20FROM%20yahoo.finance.xchange%20WHERE%20pair%3D%22EURTRY%22&diagnostics=true&env=store%3A%2F%2Fdatatables.org%2Falltableswithkeys
01:45:29 26/08/2017
INFO:MainFrame created successfully.
01:45:29 26/08/2017
INFO:Login frame created successfully.
01:45:42 26/08/2017
INFO:Server returned HTTP response code: 400 for URL: https://query.yahooapis.com/v1/public/yql?q=select%20item.condition%20from%20weather.forecast%20where%20woeid%20in%20(select%20woeid%20from%20geo.places(1)%20where%20text=%27Buenos Aires%27)%20and%20u=%27c%27
01:45:42 26/08/2017
INFO:Server returned HTTP response code: 400 for URL: https://query.yahooapis.com/v1/public/yql?q=select%20item.condition%20from%20weather.forecast%20where%20woeid%20in%20(select%20woeid%20from%20geo.places(1)%20where%20text=%27Buenos Aires%27)%20and%20u=%27c%27
01:45:45 26/08/2017
INFO:Server returned HTTP response code: 400 for URL: https://query.yahooapis.com/v1/public/yql?q=select%20item.condition%20from%20weather.forecast%20where%20woeid%20in%20(select%20woeid%20from%20geo.places(1)%20where%20text=%27Buenos Aires%27)%20and%20u=%27c%27
01:45:45 26/08/2017
INFO:Server returned HTTP response code: 400 for URL: https://query.yahooapis.com/v1/public/yql?q=select%20item.condition%20from%20weather.forecast%20where%20woeid%20in%20(select%20woeid%20from%20geo.places(1)%20where%20text=%27Buenos Aires%27)%20and%20u=%27c%27
01:45:48 26/08/2017
INFO:Server returned HTTP response code: 400 for URL: https://query.yahooapis.com/v1/public/yql?q=select%20item.condition%20from%20weather.forecast%20where%20woeid%20in%20(select%20woeid%20from%20geo.places(1)%20where%20text=%27Buenos Aires%27)%20and%20u=%27c%27
01:45:48 26/08/2017
INFO:Server returned HTTP response code: 400 for URL: https://query.yahooapis.com/v1/public/yql?q=select%20item.condition%20from%20weather.forecast%20where%20woeid%20in%20(select%20woeid%20from%20geo.places(1)%20where%20text=%27Buenos Aires%27)%20and%20u=%27c%27
01:51:44 26/08/2017
INFO:User is : admin
01:51:45 26/08/2017
INFO:Server returned HTTP response code: 400 for URL: https://query.yahooapis.com/v1/public/yql?q=SELECT%20*%20FROM%20yahoo.finance.xchange%20WHERE%20pair%3D%22USDTRY%22&diagnostics=true&env=store%3A%2F%2Fdatatables.org%2Falltableswithkeys
01:51:46 26/08/2017
INFO:Server returned HTTP response code: 400 for URL: https://query.yahooapis.com/v1/public/yql?q=SELECT%20*%20FROM%20yahoo.finance.xchange%20WHERE%20pair%3D%22EURTRY%22&diagnostics=true&env=store%3A%2F%2Fdatatables.org%2Falltableswithkeys
01:51:46 26/08/2017
INFO:Server returned HTTP response code: 400 for URL: https://query.yahooapis.com/v1/public/yql?q=SELECT%20*%20FROM%20yahoo.finance.xchange%20WHERE%20pair%3D%22GBPTRY%22&diagnostics=true&env=store%3A%2F%2Fdatatables.org%2Falltableswithkeys
01:51:46 26/08/2017
INFO:MainFrame created successfully.
01:51:47 26/08/2017
INFO:Login frame created successfully.
01:52:01 26/08/2017
INFO:Server returned HTTP response code: 400 for URL: https://query.yahooapis.com/v1/public/yql?q=select%20item.condition%20from%20weather.forecast%20where%20woeid%20in%20(select%20woeid%20from%20geo.places(1)%20where%20text=%27New York%27)%20and%20u=%27c%27
01:52:01 26/08/2017
INFO:Server returned HTTP response code: 400 for URL: https://query.yahooapis.com/v1/public/yql?q=select%20item.condition%20from%20weather.forecast%20where%20woeid%20in%20(select%20woeid%20from%20geo.places(1)%20where%20text=%27New York%27)%20and%20u=%27c%27
01:53:25 26/08/2017
INFO:User is : admin
01:53:26 26/08/2017
INFO:Server returned HTTP response code: 400 for URL: https://query.yahooapis.com/v1/public/yql?q=SELECT%20*%20FROM%20yahoo.finance.xchange%20WHERE%20pair%3D%22EURTRY%22&diagnostics=true&env=store%3A%2F%2Fdatatables.org%2Falltableswithkeys
01:53:27 26/08/2017
INFO:Server returned HTTP response code: 400 for URL: https://query.yahooapis.com/v1/public/yql?q=SELECT%20*%20FROM%20yahoo.finance.xchange%20WHERE%20pair%3D%22GBPTRY%22&diagnostics=true&env=store%3A%2F%2Fdatatables.org%2Falltableswithkeys
01:53:27 26/08/2017
INFO:MainFrame created successfully.
01:53:28 26/08/2017
INFO:Login frame created successfully.
01:55:50 26/08/2017
INFO:User is : admin
01:55:52 26/08/2017
INFO:Server returned HTTP response code: 400 for URL: https://query.yahooapis.com/v1/public/yql?q=SELECT%20*%20FROM%20yahoo.finance.xchange%20WHERE%20pair%3D%22GBPTRY%22&diagnostics=true&env=store%3A%2F%2Fdatatables.org%2Falltableswithkeys
01:55:52 26/08/2017
INFO:MainFrame created successfully.
01:55:52 26/08/2017
INFO:Login frame created successfully.
02:00:25 26/08/2017
INFO:User is : admin
02:00:27 26/08/2017
INFO:Server returned HTTP response code: 400 for URL: https://query.yahooapis.com/v1/public/yql?q=SELECT%20*%20FROM%20yahoo.finance.xchange%20WHERE%20pair%3D%22USDTRY%22&diagnostics=true&env=store%3A%2F%2Fdatatables.org%2Falltableswithkeys
02:00:28 26/08/2017
INFO:Server returned HTTP response code: 400 for URL: https://query.yahooapis.com/v1/public/yql?q=SELECT%20*%20FROM%20yahoo.finance.xchange%20WHERE%20pair%3D%22EURTRY%22&diagnostics=true&env=store%3A%2F%2Fdatatables.org%2Falltableswithkeys
02:00:28 26/08/2017
INFO:MainFrame created successfully.
02:00:28 26/08/2017
INFO:Login frame created successfully.
02:02:06 26/08/2017
INFO:Server returned HTTP response code: 400 for URL: https://query.yahooapis.com/v1/public/yql?q=SELECT%20*%20FROM%20yahoo.finance.xchange%20WHERE%20pair%3D%22USDTRY%22&diagnostics=true&env=store%3A%2F%2Fdatatables.org%2Falltableswithkeys
02:11:21 26/08/2017
INFO:User is : admin
02:11:23 26/08/2017
INFO:Server returned HTTP response code: 400 for URL: https://query.yahooapis.com/v1/public/yql?q=SELECT%20*%20FROM%20yahoo.finance.xchange%20WHERE%20pair%3D%22USDTRY%22&diagnostics=true&env=store%3A%2F%2Fdatatables.org%2Falltableswithkeys
02:11:23 26/08/2017
INFO:Server returned HTTP response code: 400 for URL: https://query.yahooapis.com/v1/public/yql?q=SELECT%20*%20FROM%20yahoo.finance.xchange%20WHERE%20pair%3D%22EURTRY%22&diagnostics=true&env=store%3A%2F%2Fdatatables.org%2Falltableswithkeys
02:11:24 26/08/2017
INFO:Server returned HTTP response code: 400 for URL: https://query.yahooapis.com/v1/public/yql?q=SELECT%20*%20FROM%20yahoo.finance.xchange%20WHERE%20pair%3D%22GBPTRY%22&diagnostics=true&env=store%3A%2F%2Fdatatables.org%2Falltableswithkeys
02:11:24 26/08/2017
INFO:MainFrame created successfully.
02:11:24 26/08/2017
INFO:Login frame created successfully.
02:11:38 26/08/2017
INFO:Server returned HTTP response code: 400 for URL: https://query.yahooapis.com/v1/public/yql?q=SELECT%20*%20FROM%20yahoo.finance.xchange%20WHERE%20pair%3D%22USDTRY%22&diagnostics=true&env=store%3A%2F%2Fdatatables.org%2Falltableswithkeys
02:14:54 26/08/2017
INFO:User is : admin
02:14:56 26/08/2017
INFO:Server returned HTTP response code: 400 for URL: https://query.yahooapis.com/v1/public/yql?q=SELECT%20*%20FROM%20yahoo.finance.xchange%20WHERE%20pair%3D%22USDTRY%22&diagnostics=true&env=store%3A%2F%2Fdatatables.org%2Falltableswithkeys
02:14:57 26/08/2017
INFO:Server returned HTTP response code: 400 for URL: https://query.yahooapis.com/v1/public/yql?q=SELECT%20*%20FROM%20yahoo.finance.xchange%20WHERE%20pair%3D%22EURTRY%22&diagnostics=true&env=store%3A%2F%2Fdatatables.org%2Falltableswithkeys
02:14:57 26/08/2017
INFO:Server returned HTTP response code: 400 for URL: https://query.yahooapis.com/v1/public/yql?q=SELECT%20*%20FROM%20yahoo.finance.xchange%20WHERE%20pair%3D%22GBPTRY%22&diagnostics=true&env=store%3A%2F%2Fdatatables.org%2Falltableswithkeys
02:14:57 26/08/2017
INFO:MainFrame created successfully.
02:14:57 26/08/2017
INFO:Login frame created successfully.
02:16:46 26/08/2017
INFO:User is : admin
02:16:48 26/08/2017
INFO:Server returned HTTP response code: 400 for URL: https://query.yahooapis.com/v1/public/yql?q=SELECT%20*%20FROM%20yahoo.finance.xchange%20WHERE%20pair%3D%22USDTRY%22&diagnostics=true&env=store%3A%2F%2Fdatatables.org%2Falltableswithkeys
02:16:48 26/08/2017
INFO:Server returned HTTP response code: 400 for URL: https://query.yahooapis.com/v1/public/yql?q=SELECT%20*%20FROM%20yahoo.finance.xchange%20WHERE%20pair%3D%22GBPTRY%22&diagnostics=true&env=store%3A%2F%2Fdatatables.org%2Falltableswithkeys
02:16:48 26/08/2017
INFO:MainFrame created successfully.
02:16:48 26/08/2017
INFO:Login frame created successfully.
02:17:29 26/08/2017
INFO:Server returned HTTP response code: 400 for URL: https://query.yahooapis.com/v1/public/yql?q=SELECT%20*%20FROM%20yahoo.finance.xchange%20WHERE%20pair%3D%22USDTRY%22&diagnostics=true&env=store%3A%2F%2Fdatatables.org%2Falltableswithkeys
02:17:30 26/08/2017
INFO:Server returned HTTP response code: 400 for URL: https://query.yahooapis.com/v1/public/yql?q=SELECT%20*%20FROM%20yahoo.finance.xchange%20WHERE%20pair%3D%22EURTRY%22&diagnostics=true&env=store%3A%2F%2Fdatatables.org%2Falltableswithkeys
02:17:31 26/08/2017
INFO:Server returned HTTP response code: 400 for URL: https://query.yahooapis.com/v1/public/yql?q=SELECT%20*%20FROM%20yahoo.finance.xchange%20WHERE%20pair%3D%22GBPTRY%22&diagnostics=true&env=store%3A%2F%2Fdatatables.org%2Falltableswithkeys
03:33:39 26/08/2017
INFO:User is : admin
03:33:41 26/08/2017
INFO:MainFrame created successfully.
03:33:41 26/08/2017
INFO:Login frame created successfully.
03:40:09 26/08/2017
INFO:User is : admin
03:40:11 26/08/2017
INFO:MainFrame created successfully.
03:40:11 26/08/2017
INFO:Login frame created successfully.
03:41:30 26/08/2017
INFO:User is : admin
03:41:32 26/08/2017
INFO:MainFrame created successfully.
03:41:32 26/08/2017
INFO:Login frame created successfully.
03:45:44 26/08/2017
INFO:User is : admin
03:45:46 26/08/2017
INFO:MainFrame created successfully.
03:45:46 26/08/2017
INFO:Login frame created successfully.
03:48:21 26/08/2017
INFO:User is : admin
03:50:12 26/08/2017
INFO:Adding payment in reservation.
03:50:17 26/08/2017
INFO:Reservation details : Reservation [Id=0, groupName=JSON GOOLGE, checkinDate=2017-08-26, checkoutDate=2017-08-27, totalDays=1, agency=WEB, hostType=B.B, creditType=STANDART CUSTOMER CREDIT, bookStatus=GUARANTEE, note=, paymentStatus=false, theNumber=3001, isCheckedIn=NO, agencyRefNo=GOG-00, referanceNo=]
03:50:17 26/08/2017
INFO:Reservation room details : Room [theRoomId=7, number=3001, type=DOUBLE, price=78.0, totalPrice=78.0, balance=0.0, remaining debt=78.0, currency=EURO, cleaningStatus=CLEAN, usageStatus=BLOCKED, personCount=2, customerGrupName=JSON GOOLGE, ReservationId=1]
03:50:17 26/08/2017
INFO:Reservation customer(s) : Customer [CustomerId=1, FirstName=LILA, LastName=FREEMAN, Country=United States, Document=null, DocumentNo=null, DateOfBirth=null, Gender=null, MaritalStatus=null, FatherName=null, MotherName=null, Email=null, Phone=null, ReservationId=1]
03:51:29 26/08/2017
INFO:Reservation details : Reservation [Id=0, groupName=JSON GOOLGE, checkinDate=2017-08-26, checkoutDate=2017-08-27, totalDays=1, agency=WEB, hostType=B.B, creditType=STANDART CUSTOMER CREDIT, bookStatus=GUARANTEE, note=, paymentStatus=false, theNumber=3001, isCheckedIn=NO, agencyRefNo=GOG-00, referanceNo=]
03:51:53 26/08/2017
INFO:Reservation details : Reservation [Id=0, groupName=JSON GOOLGE, checkinDate=2017-08-26, checkoutDate=2017-08-27, totalDays=1, agency=WEB, hostType=B.B, creditType=STANDART CUSTOMER CREDIT, bookStatus=CANCEL, note=, paymentStatus=false, theNumber=3001, isCheckedIn=NO, agencyRefNo=GOG-00, referanceNo=]
03:53:37 26/08/2017
INFO:User is : coder acjhp
03:53:40 26/08/2017
INFO:MainFrame created successfully.
03:53:40 26/08/2017
INFO:Login frame created successfully.
03:53:51 26/08/2017
INFO:User is : coder acjhp
03:54:54 26/08/2017
INFO:Adding payment in reservation.
03:55:00 26/08/2017
INFO:Reservation details : Reservation [Id=0, groupName=GOOGLE JSON, checkinDate=2017-08-26, checkoutDate=2017-08-29, totalDays=3, agency=WEB, hostType=B.B, creditType=STANDART CUSTOMER CREDIT, bookStatus=GUARANTEE, note=ASD, paymentStatus=false, theNumber=1003, isCheckedIn=NO, agencyRefNo=, referanceNo=]
03:55:00 26/08/2017
INFO:Reservation room details : Room [theRoomId=3, number=1003, type=DOUBLE, price=78.0, totalPrice=234.0, balance=0.0, remaining debt=234.0, currency=EURO, cleaningStatus=CLEAN, usageStatus=BLOCKED, personCount=1, customerGrupName=GOOGLE JSON, ReservationId=3]
03:55:00 26/08/2017
INFO:Reservation customer(s) : Customer [CustomerId=2, FirstName=GOOGLE, LastName=JSON, Country=United States, Document=null, DocumentNo=null, DateOfBirth=null, Gender=null, MaritalStatus=null, FatherName=null, MotherName=null, Email=null, Phone=null, ReservationId=3]
03:55:00 26/08/2017
INFO:New reservation saved successfully.
03:55:18 26/08/2017
INFO:[Blockade window] Required reservation found : Reservation [Id=2, groupName=JSON GOOLGE, checkinDate=2017-08-26, checkoutDate=2017-08-27, totalDays=1, agency=WEB, hostType=B.B, creditType=STANDART CUSTOMER CREDIT, bookStatus=GUARANTEE, note=, paymentStatus=false, theNumber=3001, isCheckedIn=NO, agencyRefNo=GOG-00, referanceNo=]
03:55:18 26/08/2017
INFO:User is : coder acjhp
03:55:33 26/08/2017
INFO:[Blockade window] Required reservation found : Reservation [Id=1, groupName=JSON GOOLGE, checkinDate=2017-08-26, checkoutDate=2017-08-27, totalDays=1, agency=WEB, hostType=B.B, creditType=STANDART CUSTOMER CREDIT, bookStatus=GUARANTEE, note=, paymentStatus=false, theNumber=3001, isCheckedIn=NO, agencyRefNo=GOG-00, referanceNo=]
03:55:33 26/08/2017
INFO:User is : coder acjhp
03:55:33 26/08/2017
INFO:Reservation window is populated successfully.
03:55:43 26/08/2017
INFO:[Blockade window] Required reservation found : Reservation [Id=3, groupName=GOOGLE JSON, checkinDate=2017-08-26, checkoutDate=2017-08-29, totalDays=3, agency=WEB, hostType=B.B, creditType=STANDART CUSTOMER CREDIT, bookStatus=GUARANTEE, note=ASD, paymentStatus=false, theNumber=1003, isCheckedIn=NO, agencyRefNo=, referanceNo=]
03:55:43 26/08/2017
INFO:User is : coder acjhp
03:55:43 26/08/2017
INFO:Reservation window is populated successfully.
04:49:48 26/08/2017
INFO:User is : admin
04:49:50 26/08/2017
INFO:MainFrame created successfully.
04:49:50 26/08/2017
INFO:Login frame created successfully.
04:50:06 26/08/2017
INFO:User is : admin
04:51:20 26/08/2017
INFO:Adding payment in reservation.
04:51:25 26/08/2017
INFO:Reservation details : Reservation [Id=0, groupName=GOOGLE JSON, checkinDate=2017-08-26, checkoutDate=2017-08-29, totalDays=3, agency=WEB, hostType=B.B, creditType=STANDART CUSTOMER CREDIT, bookStatus=GUARANTEE, note=, paymentStatus=false, theNumber=1002, isCheckedIn=NO, agencyRefNo=GOOG-00, referanceNo=]
04:51:25 26/08/2017
INFO:Reservation room details : Room [theRoomId=2, number=1002, type=DOUBLE, price=120.0, totalPrice=360.0, balance=0.0, remaining debt=360.0, currency=DOLLAR, cleaningStatus=CLEAN, usageStatus=BLOCKED, personCount=1, customerGrupName=GOOGLE JSON, ReservationId=4]
04:51:25 26/08/2017
INFO:Reservation customer(s) : Customer [CustomerId=3, FirstName=GOOGLE, LastName=JSON, Country=United States, Document=null, DocumentNo=null, DateOfBirth=null, Gender=null, MaritalStatus=null, FatherName=null, MotherName=null, Email=null, Phone=null, ReservationId=4]
04:51:25 26/08/2017
INFO:New reservation saved successfully.
04:51:32 26/08/2017
INFO:[Blockade window] Required reservation found : Reservation [Id=4, groupName=GOOGLE JSON, checkinDate=2017-08-26, checkoutDate=2017-08-29, totalDays=3, agency=WEB, hostType=B.B, creditType=STANDART CUSTOMER CREDIT, bookStatus=GUARANTEE, note=, paymentStatus=false, theNumber=1002, isCheckedIn=NO, agencyRefNo=GOOG-00, referanceNo=]
04:51:32 26/08/2017
INFO:User is : admin
04:51:32 26/08/2017
INFO:Reservation window is populated successfully.
04:52:38 26/08/2017
INFO:Reservation room details : Room [theRoomId=1, number=1001, type=DOUBLE, price=120.0, totalPrice=360.0, balance=0.0, remaining debt=360.0, currency=DOLLAR, cleaningStatus=CLEAN, usageStatus=BLOCKED, personCount=1, customerGrupName=GOOGLE JSON, ReservationId=0]
04:52:38 26/08/2017
INFO:Reservation details : Reservation [Id=4, groupName=GOOGLE JSON, checkinDate=2017-08-26, checkoutDate=2017-08-29, totalDays=3, agency=WEB, hostType=B.B, creditType=STANDART CUSTOMER CREDIT, bookStatus=GUARANTEE, note=, paymentStatus=false, theNumber=1001, isCheckedIn=NO, agencyRefNo=GOOG-00, referanceNo=]
04:52:45 26/08/2017
INFO:[Blockade window] Required reservation found : Reservation [Id=4, groupName=GOOGLE JSON, checkinDate=2017-08-26, checkoutDate=2017-08-29, totalDays=3, agency=WEB, hostType=B.B, creditType=STANDART CUSTOMER CREDIT, bookStatus=GUARANTEE, note=, paymentStatus=false, theNumber=1001, isCheckedIn=NO, agencyRefNo=GOOG-00, referanceNo=]
04:52:45 26/08/2017
INFO:User is : admin
04:52:45 26/08/2017
INFO:Reservation window is populated successfully.
04:57:04 26/08/2017
INFO:[Blockade window] Required reservation found : Reservation [Id=4, groupName=GOOGLE JSON, checkinDate=2017-08-26, checkoutDate=2017-08-29, totalDays=3, agency=WEB, hostType=B.B, creditType=STANDART CUSTOMER CREDIT, bookStatus=GUARANTEE, note=, paymentStatus=false, theNumber=1001, isCheckedIn=NO, agencyRefNo=GOOG-00, referanceNo=]
04:57:04 26/08/2017
INFO:User is : admin
04:57:04 26/08/2017
INFO:Reservation window is populated successfully.
04:58:35 26/08/2017
INFO:User is : coder acjhp
04:58:37 26/08/2017
INFO:MainFrame created successfully.
04:58:37 26/08/2017
INFO:Login frame created successfully.
04:58:43 26/08/2017
INFO:[Blockade window] Required reservation found : Reservation [Id=4, groupName=GOOGLE JSON, checkinDate=2017-08-26, checkoutDate=2017-08-29, totalDays=3, agency=WEB, hostType=B.B, creditType=STANDART CUSTOMER CREDIT, bookStatus=GUARANTEE, note=, paymentStatus=false, theNumber=1001, isCheckedIn=NO, agencyRefNo=GOOG-00, referanceNo=]
04:58:43 26/08/2017
INFO:User is : coder acjhp
04:58:43 26/08/2017
INFO:Reservation window is populated successfully.
05:00:11 26/08/2017
INFO:[Blockade window] Required reservation found : Reservation [Id=4, groupName=GOOGLE JSON, checkinDate=2017-08-26, checkoutDate=2017-08-29, totalDays=3, agency=WEB, hostType=B.B, creditType=STANDART CUSTOMER CREDIT, bookStatus=GUARANTEE, note=, paymentStatus=true, theNumber=1001, isCheckedIn=NO, agencyRefNo=GOOG-00, referanceNo=]
05:00:11 26/08/2017
INFO:User is : coder acjhp
05:00:11 26/08/2017
INFO:Reservation window is populated successfully.
05:00:36 26/08/2017
INFO:Reservation room details : Room [theRoomId=2, number=1002, type=DOUBLE, price=120.0, totalPrice=360.0, balance=0.0, remaining debt=360.0, currency=DOLLAR, cleaningStatus=CLEAN, usageStatus=BLOCKED, personCount=1, customerGrupName=GOOGLE JSON, ReservationId=4]
05:00:36 26/08/2017
INFO:Reservation details : Reservation [Id=4, groupName=GOOGLE JSON, checkinDate=2017-08-26, checkoutDate=2017-08-29, totalDays=3, agency=WEB, hostType=B.B, creditType=STANDART CUSTOMER CREDIT, bookStatus=GUARANTEE, note=, paymentStatus=true, theNumber=1002, isCheckedIn=NO, agencyRefNo=GOOG-00, referanceNo=]
05:00:42 26/08/2017
INFO:[Blockade window] Required reservation found : Reservation [Id=4, groupName=GOOGLE JSON, checkinDate=2017-08-26, checkoutDate=2017-08-29, totalDays=3, agency=WEB, hostType=B.B, creditType=STANDART CUSTOMER CREDIT, bookStatus=GUARANTEE, note=, paymentStatus=true, theNumber=1002, isCheckedIn=NO, agencyRefNo=GOOG-00, referanceNo=]
05:00:42 26/08/2017
INFO:User is : coder acjhp
05:00:42 26/08/2017
INFO:Reservation window is populated successfully.
05:06:58 26/08/2017
INFO:User is : coder acjhp
05:07:34 26/08/2017
INFO:Check in for customer(s) : Customer [CustomerId=4, FirstName=GOOGLE, LastName=JSON, Country=United States, Document=PASSPORT, DocumentNo=USA-4X95091, DateOfBirth=Tue Feb 20 05:07:22 EET 1990, Gender=MAN, MaritalStatus=SINGLE, FatherName=null, MotherName=null, Email=null, Phone=null, ReservationId=4]
05:07:34 26/08/2017
INFO:Check in room is : Room [theRoomId=51, number=1002, type=DOUBLE, price=120.0, totalPrice=360.0, balance=0.0, remaining debt=360.0, currency=DOLLAR, cleaningStatus=CLEAN, usageStatus=FULL, personCount=1, customerGrupName=GOOGLE JSON, ReservationId=4]
05:07:34 26/08/2017
INFO:Check in reservation is : Reservation [Id=5, groupName=GOOGLE JSON, checkinDate=2017-08-26, checkoutDate=2017-08-29, totalDays=3, agency=WEB, hostType=B.B, creditType=STANDART CUSTOMER CREDIT, bookStatus=GUARANTEE, note=, paymentStatus=true, theNumber=1002, isCheckedIn=YES, agencyRefNo=GOOG-00, referanceNo=]
05:09:10 26/08/2017
INFO:User is : coder acjhp
05:11:49 26/08/2017
INFO:User is : coder acjhp
05:12:55 26/08/2017
INFO:Reservation details : Reservation [Id=0, groupName=HUSSAM ALRASSAM, checkinDate=2017-08-26, checkoutDate=2017-08-27, totalDays=1, agency=OTHER, hostType=B.B, creditType=STANDART CUSTOMER CREDIT, bookStatus=GUARANTEE, note=, paymentStatus=false, theNumber=2001, isCheckedIn=NO, agencyRefNo=, referanceNo=TX-8998]
05:14:17 26/08/2017
INFO:User is : coder acjhp
05:17:56 26/08/2017
INFO:Adding payment to room : 1002
05:18:52 26/08/2017
INFO:User is : admin
05:18:54 26/08/2017
INFO:MainFrame created successfully.
05:18:54 26/08/2017
INFO:Login frame created successfully.
05:19:00 26/08/2017
INFO:User is : admin
05:19:33 26/08/2017
INFO:User is : admin
05:19:49 26/08/2017
INFO:New reservation creating cancelled.
05:22:39 26/08/2017
INFO:User is : admin
05:30:01 26/08/2017
INFO:User is : admin
05:30:03 26/08/2017
INFO:MainFrame created successfully.
05:30:03 26/08/2017
INFO:Login frame created successfully.
05:30:57 26/08/2017
INFO:User is : admin
05:33:26 26/08/2017
INFO:User is : admin
05:33:28 26/08/2017
INFO:MainFrame created successfully.
05:33:28 26/08/2017
INFO:Login frame created successfully.
05:33:32 26/08/2017
INFO:User is : admin
05:33:37 26/08/2017
INFO:Deleting posting or payment from room : 1002
05:33:37 26/08/2017
INFO:Selected object details : Id : 4Type : CASH PAYMENTAmount : 360
05:33:37 26/08/2017
INFO:Payment is deleted.
05:34:04 26/08/2017
INFO:Deleting posting or payment from room : 1002
05:34:04 26/08/2017
INFO:Selected object details : Id : 3Type : CASH PAYMENTAmount : 100
05:34:04 26/08/2017
INFO:Payment is deleted.
05:34:38 26/08/2017
INFO:Adding payment to room : 1002
05:34:47 26/08/2017
INFO:Checkedout is cancelled : 
05:34:47 26/08/2017
INFO:Checkedout is cancelled : 
05:35:43 26/08/2017
INFO:User is : admin
05:36:48 26/08/2017
INFO:Customer details updated : Customer [CustomerId=3, FirstName=GOOGLE, LastName=JSON, Country=United States, Document=PASSPORT, DocumentNo=USA-X98908, DateOfBirth=Thu Feb 22 05:35:59 EET 1990, Gender=MAN, MaritalStatus=SINGLE, FatherName=LARRY, MotherName=HACKMEN, Email=google@gmail.com, Phone=0555887123, ReservationId=4]
05:36:51 26/08/2017
INFO:Displaying customer...
05:36:51 26/08/2017
INFO:Displayed customer details : Customer [CustomerId=3, FirstName=GOOGLE, LastName=JSON, Country=United States, Document=PASSPORT, DocumentNo=USA-X98908, DateOfBirth=Thu Feb 22 05:35:59 EET 1990, Gender=MAN, MaritalStatus=SINGLE, FatherName=LARRY, MotherName=HACKMEN, Email=google@gmail.com, Phone=0555887123, ReservationId=4]
05:37:00 26/08/2017
INFO:Displaying customer...
05:37:00 26/08/2017
INFO:Displayed customer details : Customer [CustomerId=3, FirstName=GOOGLE, LastName=JSON, Country=United States, Document=PASSPORT, DocumentNo=USA-X98908, DateOfBirth=1990-02-22 05:36:00.0, Gender=MAN, MaritalStatus=SINGLE, FatherName=LARRY, MotherName=HACKMEN, Email=google@gmail.com, Phone=0555887123, ReservationId=4]
05:37:04 26/08/2017
INFO:The room checkedout is : 1002
