01:42:41 31/08/2017
INFO:User is : admin
01:42:44 31/08/2017
INFO:MainFrame created successfully.
01:42:44 31/08/2017
INFO:Login frame created successfully.
01:42:51 31/08/2017
INFO:User is : admin
01:43:49 31/08/2017
INFO:Adding payment to room : 3002
01:44:19 31/08/2017
INFO:Adding payment to room : 3002
01:44:40 31/08/2017
INFO:Deleting posting or payment from room : 3002
01:44:40 31/08/2017
INFO:Selected object details : Id : 10Type : CASH PAYMENTAmount : 0.0
01:44:40 31/08/2017
INFO:Payment is deleted.
01:44:58 31/08/2017
INFO:Adding payment to room : 3002
01:45:02 31/08/2017
INFO:User is : admin
01:45:22 31/08/2017
INFO:Adding payment to room : 3002
01:45:32 31/08/2017
INFO:Adding payment to room : 3002
01:45:35 31/08/2017
INFO:User is : admin
01:45:54 31/08/2017
INFO:Adding payment to room : 3002
01:46:15 31/08/2017
INFO:User is : admin
01:55:42 31/08/2017
INFO:User is : admin
01:55:44 31/08/2017
INFO:MainFrame created successfully.
01:55:44 31/08/2017
INFO:Login frame created successfully.
01:55:48 31/08/2017
INFO:User is : admin
01:56:19 31/08/2017
INFO:Posting to room : 3002
01:56:51 31/08/2017
INFO:Adding payment to room : 3002
01:57:49 31/08/2017
INFO:User is : admin
01:58:35 31/08/2017
INFO:Adding payment to room : 3002
01:58:39 31/08/2017
INFO:The room checkedout is : 3002
